2010-09-18 17:33:37 Notice: Notice (1024): Please change the value of 'Security.salt' in app/config/core.php to a salt value specific to your application in [/home/chase/public_html/eventgrouper/cake/libs/debugger.php, line 684]
2010-09-18 17:33:37 Notice: Notice (1024): Please change the value of 'Security.cipherSeed' in app/config/core.php to a numeric (digits only) seed value specific to your application in [/home/chase/public_html/eventgrouper/cake/libs/debugger.php, line 688]
2010-09-18 17:47:13 Notice: Notice (1024): Please change the value of 'Security.salt' in app/config/core.php to a salt value specific to your application in [/home/chase/public_html/eventgrouper/cake/libs/debugger.php, line 684]
2010-09-18 17:47:13 Notice: Notice (1024): Please change the value of 'Security.cipherSeed' in app/config/core.php to a numeric (digits only) seed value specific to your application in [/home/chase/public_html/eventgrouper/cake/libs/debugger.php, line 688]
2010-09-18 19:51:34 Notice: Notice (1024): Please change the value of 'Security.salt' in app/config/core.php to a salt value specific to your application in [/home/chase/public_html/eventgrouper/cake/libs/debugger.php, line 684]
2010-09-18 19:51:34 Notice: Notice (1024): Please change the value of 'Security.cipherSeed' in app/config/core.php to a numeric (digits only) seed value specific to your application in [/home/chase/public_html/eventgrouper/cake/libs/debugger.php, line 688]
2010-09-18 23:23:33 Notice: Notice (1024): Please change the value of 'Security.salt' in app/config/core.php to a salt value specific to your application in [/home/chase/public_html/eventgrouper/cake/libs/debugger.php, line 684]
2010-09-18 23:23:33 Notice: Notice (1024): Please change the value of 'Security.cipherSeed' in app/config/core.php to a numeric (digits only) seed value specific to your application in [/home/chase/public_html/eventgrouper/cake/libs/debugger.php, line 688]
2010-09-19 19:37:53 Notice: Notice (1024): Please change the value of 'Security.salt' in app/config/core.php to a salt value specific to your application in [/home/chase/public_html/eventgrouper/cake/libs/debugger.php, line 684]
2010-09-19 19:37:53 Notice: Notice (1024): Please change the value of 'Security.cipherSeed' in app/config/core.php to a numeric (digits only) seed value specific to your application in [/home/chase/public_html/eventgrouper/cake/libs/debugger.php, line 688]
2010-09-20 00:21:18 Notice: Notice (8): Undefined variable: usertemp in [/home/chase/public_html/eventgrouper/app/views/users/index.ctp, line 58]
2010-09-20 00:21:43 Notice: Notice (8): Undefined variable: usertemp in [/home/chase/public_html/eventgrouper/app/views/users/index.ctp, line 58]
2010-09-20 00:22:12 Notice: Notice (8): Undefined variable: usertemp in [/home/chase/public_html/eventgrouper/app/views/users/index.ctp, line 58]
2010-09-20 00:22:13 Notice: Notice (8): Undefined variable: usertemp in [/home/chase/public_html/eventgrouper/app/views/users/index.ctp, line 58]
2010-09-20 00:51:02 Notice: Notice (8): Undefined variable: eventtemp in [/home/chase/public_html/eventgrouper/app/views/events/index.ctp, line 2]
2010-09-20 14:21:15 Notice: Notice (8): Undefined index: User in [/home/chase/public_html/eventgrouper/app/views/events/index.ctp, line 67]
2010-09-20 15:41:23 Notice: Notice (8): Undefined index: ParentEventGroup in [/home/chase/public_html/eventgrouper/app/views/event_groups/view.ctp, line 29]
2010-09-20 15:42:37 Notice: Notice (8): Undefined index: ParentEventGroup in [/home/chase/public_html/eventgrouper/app/views/event_groups/index.ctp, line 40]
2010-09-20 15:53:21 Notice: Notice (8): Undefined index: User in [/home/chase/public_html/eventgrouper/app/views/events/index.ctp, line 67]
2010-09-20 15:54:27 Notice: Notice (8): Undefined property: EventGroup::$ParentEventGroup in [/home/chase/public_html/eventgrouper/app/controllers/event_groups_controller.php, line 32]
2010-09-20 15:54:56 Notice: Notice (8): Undefined property: EventGroup::$ParentEventGroup in [/home/chase/public_html/eventgrouper/app/controllers/event_groups_controller.php, line 32]
2010-09-20 16:03:39 Notice: Notice (8): Undefined variable: parent_id in [/home/chase/public_html/eventgrouper/app/views/event_groups/add.ctp, line 11]
2010-09-20 16:59:57 Notice: Notice (8): Use of undefined constant EventGroup - assumed 'EventGroup' in [/home/chase/public_html/eventgrouper/app/models/event_group.php, line 57]
2010-09-20 16:59:57 Notice: Notice (8): Use of undefined constant id - assumed 'id' in [/home/chase/public_html/eventgrouper/app/models/event_group.php, line 57]
2010-09-20 17:03:37 Notice: Notice (8): Undefined variable: childrenArr in [/home/chase/public_html/eventgrouper/app/models/event_group.php, line 57]
2010-09-20 17:18:41 Notice: Notice (8): Undefined variable: parentId in [/home/chase/public_html/eventgrouper/app/views/events/add.ctp, line 19]
2010-09-20 17:32:07 Notice: Notice (8): Undefined index: User in [/home/chase/public_html/eventgrouper/app/views/events/index.ctp, line 67]
2010-09-20 17:45:49 Notice: Notice (8): Undefined index: User in [/home/chase/public_html/eventgrouper/app/views/events/index.ctp, line 67]
2010-09-20 17:45:54 Notice: Notice (8): Undefined index: User in [/home/chase/public_html/eventgrouper/app/views/events/index.ctp, line 67]
2010-09-20 18:00:48 Notice: Notice (8): Undefined variable: id in [/home/chase/public_html/eventgrouper/app/controllers/event_groups_controller.php, line 10]
2010-09-20 18:15:11 Notice: Notice (8): Undefined variable: paginator in [/home/chase/public_html/eventgrouper/app/views/event_groups/index.ctp, line 5]
2010-09-20 18:15:22 Notice: Notice (8): Undefined variable: paginator in [/home/chase/public_html/eventgrouper/app/views/event_groups/index.ctp, line 5]
2010-09-20 18:18:57 Notice: Notice (8): Undefined index: EventGroup in [/home/chase/public_html/eventgrouper/app/views/event_groups/index.ctp, line 9]
2010-09-20 18:18:57 Notice: Notice (8): Undefined index: EventGroup in [/home/chase/public_html/eventgrouper/app/views/event_groups/index.ctp, line 12]
2010-09-20 18:18:57 Notice: Notice (8): Undefined index: EventGroup in [/home/chase/public_html/eventgrouper/app/views/event_groups/index.ctp, line 15]
2010-09-20 18:18:57 Notice: Notice (8): Undefined index: EventGroup in [/home/chase/public_html/eventgrouper/app/views/event_groups/index.ctp, line 18]
2010-09-20 18:18:57 Notice: Notice (8): Undefined index: EventGroup in [/home/chase/public_html/eventgrouper/app/views/event_groups/index.ctp, line 21]
2010-09-20 18:18:57 Notice: Notice (8): Undefined index: EventGroup in [/home/chase/public_html/eventgrouper/app/views/event_groups/index.ctp, line 24]
2010-09-20 18:18:57 Notice: Notice (8): Undefined index: EventGroup in [/home/chase/public_html/eventgrouper/app/views/event_groups/index.ctp, line 25]
2010-09-20 18:18:57 Notice: Notice (8): Undefined index: EventGroup in [/home/chase/public_html/eventgrouper/app/views/event_groups/index.ctp, line 26]
2010-09-20 18:25:45 Notice: Notice (8): Undefined variable: eventGroup in [/home/chase/public_html/eventgrouper/app/views/event_groups/view.ctp, line 2]
2010-09-20 18:25:45 Notice: Notice (8): Undefined variable: eventGroup in [/home/chase/public_html/eventgrouper/app/views/event_groups/view.ctp, line 9]
2010-09-20 18:25:45 Notice: Notice (8): Undefined variable: eventGroup in [/home/chase/public_html/eventgrouper/app/views/event_groups/view.ctp, line 14]
2010-09-20 18:25:45 Notice: Notice (8): Undefined variable: eventGroup in [/home/chase/public_html/eventgrouper/app/views/event_groups/view.ctp, line 19]
2010-09-20 18:25:45 Notice: Notice (8): Undefined variable: eventGroup in [/home/chase/public_html/eventgrouper/app/views/event_groups/view.ctp, line 24]
2010-09-20 18:25:45 Notice: Notice (8): Undefined variable: eventGroup in [/home/chase/public_html/eventgrouper/app/views/event_groups/view.ctp, line 32]
2010-09-20 18:25:45 Notice: Notice (8): Undefined variable: eventGroup in [/home/chase/public_html/eventgrouper/app/views/event_groups/view.ctp, line 33]
2010-09-20 18:25:45 Notice: Notice (8): Undefined variable: eventGroup in [/home/chase/public_html/eventgrouper/app/views/event_groups/view.ctp, line 34]
2010-09-20 18:25:45 Notice: Notice (8): Undefined variable: eventGroup in [/home/chase/public_html/eventgrouper/app/views/event_groups/view.ctp, line 35]
2010-09-20 18:26:29 Notice: Notice (8): Undefined variable: eventGroup in [/home/chase/public_html/eventgrouper/app/views/event_groups/view.ctp, line 2]
2010-09-20 18:26:29 Notice: Notice (8): Undefined variable: eventGroup in [/home/chase/public_html/eventgrouper/app/views/event_groups/view.ctp, line 9]
2010-09-20 18:26:29 Notice: Notice (8): Undefined variable: eventGroup in [/home/chase/public_html/eventgrouper/app/views/event_groups/view.ctp, line 14]
2010-09-20 18:26:29 Notice: Notice (8): Undefined variable: eventGroup in [/home/chase/public_html/eventgrouper/app/views/event_groups/view.ctp, line 19]
2010-09-20 18:26:29 Notice: Notice (8): Undefined variable: eventGroup in [/home/chase/public_html/eventgrouper/app/views/event_groups/view.ctp, line 24]
2010-09-20 18:26:29 Notice: Notice (8): Undefined variable: eventGroup in [/home/chase/public_html/eventgrouper/app/views/event_groups/view.ctp, line 32]
2010-09-20 18:26:29 Notice: Notice (8): Undefined variable: eventGroup in [/home/chase/public_html/eventgrouper/app/views/event_groups/view.ctp, line 33]
2010-09-20 18:26:29 Notice: Notice (8): Undefined variable: eventGroup in [/home/chase/public_html/eventgrouper/app/views/event_groups/view.ctp, line 34]
2010-09-20 18:26:29 Notice: Notice (8): Undefined variable: eventGroup in [/home/chase/public_html/eventgrouper/app/views/event_groups/view.ctp, line 35]
2010-09-20 18:26:32 Notice: Notice (8): Undefined variable: eventGroup in [/home/chase/public_html/eventgrouper/app/views/event_groups/view.ctp, line 2]
2010-09-20 18:26:32 Notice: Notice (8): Undefined variable: eventGroup in [/home/chase/public_html/eventgrouper/app/views/event_groups/view.ctp, line 9]
2010-09-20 18:26:32 Notice: Notice (8): Undefined variable: eventGroup in [/home/chase/public_html/eventgrouper/app/views/event_groups/view.ctp, line 14]
2010-09-20 18:26:32 Notice: Notice (8): Undefined variable: eventGroup in [/home/chase/public_html/eventgrouper/app/views/event_groups/view.ctp, line 19]
2010-09-20 18:26:32 Notice: Notice (8): Undefined variable: eventGroup in [/home/chase/public_html/eventgrouper/app/views/event_groups/view.ctp, line 24]
2010-09-20 18:26:32 Notice: Notice (8): Undefined variable: eventGroup in [/home/chase/public_html/eventgrouper/app/views/event_groups/view.ctp, line 32]
2010-09-20 18:26:32 Notice: Notice (8): Undefined variable: eventGroup in [/home/chase/public_html/eventgrouper/app/views/event_groups/view.ctp, line 33]
2010-09-20 18:26:32 Notice: Notice (8): Undefined variable: eventGroup in [/home/chase/public_html/eventgrouper/app/views/event_groups/view.ctp, line 34]
2010-09-20 18:26:32 Notice: Notice (8): Undefined variable: eventGroup in [/home/chase/public_html/eventgrouper/app/views/event_groups/view.ctp, line 35]
2010-09-20 18:30:19 Notice: Notice (8): Undefined variable: eventGroup in [/home/chase/public_html/eventgrouper/app/views/event_groups/view.ctp, line 33]
2010-09-20 18:30:19 Notice: Notice (8): Undefined variable: eventGroup in [/home/chase/public_html/eventgrouper/app/views/event_groups/view.ctp, line 34]
2010-09-20 18:30:19 Notice: Notice (8): Undefined variable: eventGroup in [/home/chase/public_html/eventgrouper/app/views/event_groups/view.ctp, line 35]
2010-09-20 18:30:19 Notice: Notice (8): Undefined variable: eventGroup in [/home/chase/public_html/eventgrouper/app/views/event_groups/view.ctp, line 36]
2010-09-20 18:30:32 Notice: Notice (8): Undefined variable: eventGroup in [/home/chase/public_html/eventgrouper/app/views/event_groups/view.ctp, line 33]
2010-09-20 18:30:32 Notice: Notice (8): Undefined variable: eventGroup in [/home/chase/public_html/eventgrouper/app/views/event_groups/view.ctp, line 34]
2010-09-20 18:30:32 Notice: Notice (8): Undefined variable: eventGroup in [/home/chase/public_html/eventgrouper/app/views/event_groups/view.ctp, line 35]
2010-09-20 18:30:32 Notice: Notice (8): Undefined variable: eventGroup in [/home/chase/public_html/eventgrouper/app/views/event_groups/view.ctp, line 36]
2010-09-20 18:32:00 Notice: Notice (8): Undefined variable: events_under_group in [/home/chase/public_html/eventgrouper/app/views/event_groups/view.ctp, line 1]
2010-09-20 18:32:34 Notice: Notice (8): Undefined variable: events_under_group in [/home/chase/public_html/eventgrouper/app/views/event_groups/view.ctp, line 1]
2010-09-20 18:38:25 Notice: Notice (8): Undefined variable: eventGroup in [/home/chase/public_html/eventgrouper/app/views/event_groups/view.ctp, line 69]
2010-09-20 18:38:25 Notice: Notice (8): Undefined variable: eventGroup in [/home/chase/public_html/eventgrouper/app/views/event_groups/view.ctp, line 70]
2010-09-20 18:38:25 Notice: Notice (8): Undefined variable: eventGroup in [/home/chase/public_html/eventgrouper/app/views/event_groups/view.ctp, line 71]
2010-09-20 18:38:25 Notice: Notice (8): Undefined variable: eventGroup in [/home/chase/public_html/eventgrouper/app/views/event_groups/view.ctp, line 72]
2010-09-20 18:39:19 Notice: Notice (8): Undefined variable: eventGroup in [/home/chase/public_html/eventgrouper/app/views/event_groups/view.ctp, line 72]
2010-09-20 18:40:24 Notice: Notice (8): Undefined variable: eventGroups in [/home/chase/public_html/eventgrouper/app/views/events/index.ctp, line 10]
2010-09-20 18:41:22 Notice: Notice (8): Undefined variable: eventGroups in [/home/chase/public_html/eventgrouper/app/views/events/index.ctp, line 10]
2010-09-20 18:41:25 Notice: Notice (1024): Please change the value of 'Security.salt' in app/config/core.php to a salt value specific to your application in [/home/chase/public_html/eventgrouper/cake/libs/debugger.php, line 684]
2010-09-20 18:41:25 Notice: Notice (1024): Please change the value of 'Security.cipherSeed' in app/config/core.php to a numeric (digits only) seed value specific to your application in [/home/chase/public_html/eventgrouper/cake/libs/debugger.php, line 688]
2010-09-20 18:47:05 Notice: Notice (8): Undefined variable: eventGroup in [/home/chase/public_html/eventgrouper/app/views/event_groups/view.ctp, line 58]
2010-09-20 18:48:56 Notice: Notice (8): Undefined variable: eventGroups in [/home/chase/public_html/eventgrouper/app/views/events/index.ctp, line 10]
2010-09-20 18:50:40 Notice: Notice (8): Undefined index: id in [/home/chase/public_html/eventgrouper/app/views/events/view.ctp, line 56]
2010-09-20 18:52:20 Notice: Notice (8): Undefined index: id in [/home/chase/public_html/eventgrouper/app/views/events/view.ctp, line 57]
2010-09-20 18:53:20 Notice: Notice (8): Undefined index: event_group_id in [/home/chase/public_html/eventgrouper/app/views/users/view.ctp, line 112]
2010-09-20 18:55:10 Notice: Notice (8): Undefined variable: currentEventGroup in [/home/chase/public_html/eventgrouper/app/views/event_groups/view.ctp, line 1]
2010-09-20 21:52:15 Notice: Notice (8): Undefined variable: eventGroups in [/home/chase/public_html/eventgrouper/app/views/events/index.ctp, line 10]
2010-09-20 21:53:31 Notice: Notice (8): Undefined property: EventGroup::$ParentEventGroup in [/home/chase/public_html/eventgrouper/app/controllers/event_groups_controller.php, line 71]
2010-09-20 22:25:12 Notice: Notice (1024): Please change the value of 'Security.salt' in app/config/core.php to a salt value specific to your application in [/home/chase/public_html/eventgrouper/cake/libs/debugger.php, line 684]
2010-09-20 22:25:12 Notice: Notice (1024): Please change the value of 'Security.cipherSeed' in app/config/core.php to a numeric (digits only) seed value specific to your application in [/home/chase/public_html/eventgrouper/cake/libs/debugger.php, line 688]
2010-09-21 17:13:50 Notice: Notice (8): Undefined variable: treelist in [/home/chase/public_html/eventgrouper/app/views/event_groups/view.ctp, line 1]
2010-09-21 17:47:28 Notice: Notice (8): Undefined variable: username in [/home/chase/public_html/eventgrouper/app/views/login/index.ctp, line 1]
2010-09-21 17:47:59 Notice: Notice (8): Undefined variable: username in [/home/chase/public_html/eventgrouper/app/views/login/index.ctp, line 1]
2010-09-21 17:48:15 Notice: Notice (8): Undefined variable: username in [/home/chase/public_html/eventgrouper/app/views/login/index.ctp, line 1]
2010-09-21 17:48:15 Notice: Notice (8): Undefined variable: username in [/home/chase/public_html/eventgrouper/app/views/login/index.ctp, line 2]
2010-09-21 17:52:07 Notice: Notice (8): Undefined variable: eventGroups in [/home/chase/public_html/eventgrouper/app/views/events/index.ctp, line 10]
2010-09-21 17:52:07 Notice: Notice (8): Undefined variable: username in [/home/chase/public_html/eventgrouper/app/views/layouts/default.ctp, line 37]
2010-09-21 17:52:11 Notice: Notice (8): Undefined variable: username in [/home/chase/public_html/eventgrouper/app/views/layouts/default.ctp, line 37]
2010-09-21 18:39:47 Notice: Notice (8): Use of undefined constant ‘hasAndBelongsToMany’ - assumed '‘hasAndBelongsToMany’' in [/home/chase/public_html/eventgrouper/cake/libs/model/app_model.php, line 86]
2010-09-21 18:43:59 Notice: Notice (8): Use of undefined constant ‘hasAndBelongsToMany’ - assumed '‘hasAndBelongsToMany’' in [/home/chase/public_html/eventgrouper/cake/libs/model/app_model.php, line 86]
2010-09-21 18:43:59 Notice: Notice (8): Undefined index: Event in [/home/chase/public_html/eventgrouper/cake/libs/model/app_model.php, line 89]
2010-09-21 18:44:21 Notice: Notice (8): Undefined index: Event in [/home/chase/public_html/eventgrouper/cake/libs/model/app_model.php, line 89]
2010-09-22 17:42:34 Notice: Notice (8): Undefined index: id in [/home/chase/public_html/eventgrouper/app/controllers/login_controller.php, line 13]
2010-09-23 21:07:16 Notice: Notice (8): Undefined index: id in [/home/chase/public_html/eventgrouper/app/views/event_groups/view.ctp, line 93]
2010-09-23 21:21:43 Notice: Notice (8): Undefined property: EventGroupsController::$Event in [/home/chase/public_html/eventgrouper/app/controllers/event_groups_controller.php, line 23]
2010-09-23 21:21:45 Notice: Notice (8): Undefined property: EventGroupsController::$Event in [/home/chase/public_html/eventgrouper/app/controllers/event_groups_controller.php, line 23]
2010-09-23 22:19:18 Notice: Notice (8): Undefined variable: userId in [/home/chase/public_html/eventgrouper/app/models/event_group.php, line 63]
2010-09-23 22:31:25 Notice: Notice (8): Undefined variable: userId in [/home/chase/public_html/eventgrouper/app/models/event_group.php, line 61]
2010-09-23 22:31:25 Notice: Notice (8): Undefined variable: events in [/home/chase/public_html/eventgrouper/app/models/event_group.php, line 75]
2010-09-23 22:33:15 Notice: Notice (8): Undefined index: onUsersCalendar in [/home/chase/public_html/eventgrouper/app/views/event_groups/view.ctp, line 95]
2010-09-23 23:55:56 Notice: Notice (8): Undefined offset: 0 in [/home/chase/public_html/eventgrouper/app/models/user.php, line 93]
2010-09-29 19:45:03 Notice: Notice (8): Undefined variable: javascript in [/home/chase/public_html/eventgrouper/app/views/layouts/default.ctp, line 34]
2010-09-29 19:45:18 Notice: Notice (8): Undefined variable: javascript in [/home/chase/public_html/eventgrouper/app/views/layouts/default.ctp, line 34]
2010-09-29 19:45:28 Notice: Notice (8): Undefined property: View::$javascript in [/home/chase/public_html/eventgrouper/app/views/layouts/default.ctp, line 34]
2010-09-29 19:46:08 Notice: Notice (8): Undefined property: View::$Javascript in [/home/chase/public_html/eventgrouper/app/views/layouts/default.ctp, line 34]
2010-09-29 19:47:53 Notice: Notice (8): Undefined variable: javascript in [/home/chase/public_html/eventgrouper/app/views/layouts/default.ctp, line 34]
2010-09-29 19:48:02 Notice: Notice (8): Undefined variable: javascript in [/home/chase/public_html/eventgrouper/app/views/layouts/default.ctp, line 34]
2010-09-29 19:48:22 Notice: Notice (8): Undefined variable: javascript in [/home/chase/public_html/eventgrouper/app/views/layouts/default.ctp, line 34]
2010-09-29 20:02:28 Notice: Notice (8): Undefined variable: POST in [/home/chase/public_html/eventgrouper/app/views/login/index.ctp, line 2]
2010-09-29 20:19:59 Notice: Notice (8): Undefined variable: javascript in [/home/chase/public_html/eventgrouper/app/views/layouts/default.ctp, line 34]
2010-09-29 20:20:21 Notice: Notice (8): Undefined variable: javascript in [/home/chase/public_html/eventgrouper/app/views/layouts/default.ctp, line 34]
2010-09-29 20:20:25 Notice: Notice (8): Undefined variable: javascript in [/home/chase/public_html/eventgrouper/app/views/layouts/default.ctp, line 34]
2010-09-29 20:27:01 Notice: Notice (8): Undefined variable: javascript in [/home/chase/public_html/eventgrouper/app/views/layouts/default.ctp, line 34]
2010-09-29 20:27:50 Notice: Notice (8): Undefined variable: javascript in [/home/chase/public_html/eventgrouper/app/views/layouts/default.ctp, line 34]
2010-09-29 20:28:12 Notice: Notice (8): Undefined variable: javascript in [/home/chase/public_html/eventgrouper/app/views/layouts/default.ctp, line 34]
2010-09-29 20:29:27 Notice: Notice (8): Undefined variable: javascript in [/home/chase/public_html/eventgrouper/app/views/layouts/default.ctp, line 34]
2010-09-29 20:29:35 Notice: Notice (8): Undefined variable: javascript in [/home/chase/public_html/eventgrouper/app/views/layouts/default.ctp, line 34]
2010-09-29 20:29:35 Notice: Notice (8): Undefined variable: javascript in [/home/chase/public_html/eventgrouper/app/views/layouts/default.ctp, line 34]
2010-09-29 20:30:45 Notice: Notice (8): Undefined variable: javascript in [/home/chase/public_html/eventgrouper/app/views/layouts/default.ctp, line 34]
2010-09-29 20:30:46 Notice: Notice (8): Undefined variable: javascript in [/home/chase/public_html/eventgrouper/app/views/layouts/default.ctp, line 34]
2010-09-29 20:30:46 Notice: Notice (8): Undefined variable: javascript in [/home/chase/public_html/eventgrouper/app/views/layouts/default.ctp, line 34]
2010-09-29 20:31:21 Notice: Notice (8): Undefined variable: javascript in [/home/chase/public_html/eventgrouper/app/views/layouts/default.ctp, line 34]
2010-09-30 17:18:11 Notice: Notice (8): Undefined variable: javascript in [/home/chase/public_html/eventgrouper/app/views/layouts/default.ctp, line 34]
2010-09-30 17:18:28 Notice: Notice (8): Undefined variable: javascript in [/home/chase/public_html/eventgrouper/app/views/layouts/default.ctp, line 34]
2010-09-30 17:18:33 Notice: Notice (8): Undefined variable: javascript in [/home/chase/public_html/eventgrouper/app/views/layouts/default.ctp, line 34]
2010-09-30 17:18:41 Notice: Notice (8): Undefined variable: javascript in [/home/chase/public_html/eventgrouper/app/views/layouts/default.ctp, line 34]
2010-09-30 17:19:43 Notice: Notice (8): Undefined variable: javascript in [/home/chase/public_html/eventgrouper/app/views/layouts/default.ctp, line 34]
2010-09-30 17:20:21 Notice: Notice (8): Undefined variable: javascript in [/home/chase/public_html/eventgrouper/app/views/layouts/default.ctp, line 34]
2010-09-30 17:21:27 Notice: Notice (8): Undefined variable: javascript in [/home/chase/public_html/eventgrouper/app/views/layouts/default.ctp, line 34]
2010-09-30 17:21:42 Notice: Notice (8): Undefined variable: javascript in [/home/chase/public_html/eventgrouper/app/views/layouts/default.ctp, line 34]
2010-09-30 17:22:16 Notice: Notice (8): Undefined variable: javascript in [/home/chase/public_html/eventgrouper/app/views/layouts/default.ctp, line 34]
2010-09-30 17:22:18 Notice: Notice (8): Undefined variable: javascript in [/home/chase/public_html/eventgrouper/app/views/layouts/default.ctp, line 34]
2010-09-30 17:23:12 Notice: Notice (8): Undefined index: email in [/home/chase/public_html/eventgrouper/app/controllers/login_controller.php, line 24]
2010-09-30 17:23:26 Notice: Notice (8): Undefined index: email in [/home/chase/public_html/eventgrouper/app/controllers/login_controller.php, line 24]
2010-09-30 17:23:56 Notice: Notice (8): Undefined index: email in [/home/chase/public_html/eventgrouper/app/controllers/login_controller.php, line 24]
2010-09-30 17:24:24 Notice: Notice (8): Undefined index: email in [/home/chase/public_html/eventgrouper/app/controllers/login_controller.php, line 24]
2010-09-30 17:25:38 Notice: Notice (8): Undefined index: email in [/home/chase/public_html/eventgrouper/app/controllers/login_controller.php, line 24]
2010-09-30 17:26:10 Notice: Notice (8): Undefined index: email in [/home/chase/public_html/eventgrouper/app/controllers/login_controller.php, line 24]
2010-09-30 17:26:19 Notice: Notice (8): Undefined index: email in [/home/chase/public_html/eventgrouper/app/controllers/login_controller.php, line 24]
2010-09-30 17:32:38 Notice: Notice (8): Undefined variable: javascript in [/home/chase/public_html/eventgrouper/app/views/layouts/default.ctp, line 34]
2010-09-30 17:32:54 Notice: Notice (8): Undefined variable: javascript in [/home/chase/public_html/eventgrouper/app/views/layouts/default.ctp, line 34]
2010-09-30 17:33:22 Notice: Notice (8): Undefined variable: javascript in [/home/chase/public_html/eventgrouper/app/views/layouts/default.ctp, line 34]
2010-09-30 17:34:56 Notice: Notice (8): Undefined variable: javascript in [/home/chase/public_html/eventgrouper/app/views/layouts/default.ctp, line 34]
2010-09-30 17:39:18 Notice: Notice (8): Undefined variable: javascript in [/home/chase/public_html/eventgrouper/app/views/layouts/default.ctp, line 34]
2010-09-30 17:40:49 Notice: Notice (8): Undefined variable: javascript in [/home/chase/public_html/eventgrouper/app/views/layouts/default.ctp, line 34]
2010-09-30 18:42:49 Notice: Notice (8): Undefined index: action in [/home/chase/public_html/eventgrouper/cake/dispatcher.php, line 269]
2010-09-30 18:42:49 Notice: Notice (8): Undefined index: controller in [/home/chase/public_html/eventgrouper/cake/dispatcher.php, line 121]
2010-09-30 18:43:12 Notice: Notice (8): Undefined index: action in [/home/chase/public_html/eventgrouper/cake/dispatcher.php, line 269]
2010-09-30 18:43:12 Notice: Notice (8): Undefined index: controller in [/home/chase/public_html/eventgrouper/cake/dispatcher.php, line 121]
2010-09-30 18:43:13 Notice: Notice (8): Undefined index: action in [/home/chase/public_html/eventgrouper/cake/dispatcher.php, line 269]
2010-09-30 18:43:13 Notice: Notice (8): Undefined index: controller in [/home/chase/public_html/eventgrouper/cake/dispatcher.php, line 121]
2010-09-30 19:48:22 Notice: Notice (8): Undefined index: action in [/home/chase/public_html/eventgrouper/cake/dispatcher.php, line 269]
2010-09-30 19:48:22 Notice: Notice (8): Undefined index: controller in [/home/chase/public_html/eventgrouper/cake/dispatcher.php, line 121]
2010-09-30 19:52:29 Notice: Notice (8): Undefined index: action in [/home/chase/public_html/eventgrouper/cake/dispatcher.php, line 269]
2010-09-30 19:52:29 Notice: Notice (8): Undefined index: controller in [/home/chase/public_html/eventgrouper/cake/dispatcher.php, line 121]
2010-09-30 20:13:06 Notice: Notice (8): Undefined variable: parameters in [/home/chase/public_html/eventgrouper/app/controllers/event_groups_controller.php, line 23]
2010-09-30 20:13:14 Notice: Notice (8): Undefined property: EventGroupsController::$parameters in [/home/chase/public_html/eventgrouper/app/controllers/event_groups_controller.php, line 23]
2010-10-01 01:15:30 Notice: Notice (8): Undefined variable: Route in [/home/chase/public_html/eventgrouper/app/config/routes.php, line 60]
2010-10-01 01:34:40 Notice: Notice (8): Undefined index: EventGroup in [/home/chase/public_html/eventgrouper/app/controllers/event_groups_controller.php, line 54]
2010-10-01 01:34:40 Notice: Notice (8): Undefined index: path in [/home/chase/public_html/eventgrouper/app/controllers/event_groups_controller.php, line 54]
2010-10-01 01:34:59 Notice: Notice (8): Undefined index: EventGroup in [/home/chase/public_html/eventgrouper/app/controllers/event_groups_controller.php, line 54]
2010-10-01 01:34:59 Notice: Notice (8): Undefined index: path in [/home/chase/public_html/eventgrouper/app/controllers/event_groups_controller.php, line 54]
2010-10-01 01:35:21 Notice: Notice (8): Undefined index: EventGroup in [/home/chase/public_html/eventgrouper/app/controllers/event_groups_controller.php, line 54]
2010-10-01 01:35:21 Notice: Notice (8): Undefined index: path in [/home/chase/public_html/eventgrouper/app/controllers/event_groups_controller.php, line 54]
2010-10-01 01:37:26 Notice: Notice (8): Undefined variable: eventGroups in [/home/chase/public_html/eventgrouper/app/views/events/index.ctp, line 10]
2010-10-01 01:37:30 Notice: Notice (8): Undefined variable: eventGroups in [/home/chase/public_html/eventgrouper/app/views/events/index.ctp, line 10]
2010-10-01 01:40:52 Notice: Notice (8): session_start() [http://php.net/function.session-start]: ps_files_cleanup_dir: opendir(/var/lib/php5) failed: Permission denied (13) in [/home/chase/public_html/eventgrouper/cake/libs/cake_session.php, line 587]
2010-10-01 02:01:14 Notice: Notice (8): Undefined variable: Session in [/home/chase/public_html/eventgrouper/app/views/event_groups/add.ctp, line 1]
2010-10-01 13:02:22 Notice: Notice (8): Undefined variable: eventGroups in [/home/chase/public_html/eventgrouper/app/views/events/index.ctp, line 10]
2010-10-01 13:08:07 Notice: Notice (8): Undefined property: EventGroupsController::$User in [/home/chase/public_html/eventgrouper/app/controllers/event_groups_controller.php, line 24]
2010-10-01 13:08:37 Notice: Notice (8): Undefined property: EventGroupsController::$EventGroup in [/home/chase/public_html/eventgrouper/app/controllers/event_groups_controller.php, line 30]
2010-10-01 13:11:32 Notice: Notice (8): Undefined index: eventsOnCalendar in [/home/chase/public_html/eventgrouper/app/views/event_groups/view.ctp, line 109]
2010-10-01 13:12:03 Notice: Notice (8): Undefined index: Event in [/home/chase/public_html/eventgrouper/app/views/event_groups/view.ctp, line 112]
2010-10-01 13:12:03 Notice: Notice (8): Undefined index: Event in [/home/chase/public_html/eventgrouper/app/views/event_groups/view.ctp, line 115]
2010-10-01 13:12:03 Notice: Notice (8): Undefined index: Event in [/home/chase/public_html/eventgrouper/app/views/event_groups/view.ctp, line 118]
2010-10-01 13:12:03 Notice: Notice (8): Undefined index: Event in [/home/chase/public_html/eventgrouper/app/views/event_groups/view.ctp, line 121]
2010-10-01 13:12:03 Notice: Notice (8): Undefined index: Event in [/home/chase/public_html/eventgrouper/app/views/event_groups/view.ctp, line 124]
2010-10-01 13:12:03 Notice: Notice (8): Undefined index: Event in [/home/chase/public_html/eventgrouper/app/views/event_groups/view.ctp, line 128]
2010-10-01 13:12:03 Notice: Notice (8): Undefined index: Event in [/home/chase/public_html/eventgrouper/app/views/event_groups/view.ctp, line 129]
2010-10-01 13:12:03 Notice: Notice (8): Undefined index: Event in [/home/chase/public_html/eventgrouper/app/views/event_groups/view.ctp, line 130]
2010-10-01 13:12:36 Notice: Notice (8): Undefined index: Event in [/home/chase/public_html/eventgrouper/app/views/event_groups/view.ctp, line 130]
2010-10-01 13:32:02 Notice: Notice (8): Undefined variable: eventGroups in [/home/chase/public_html/eventgrouper/app/views/events/index.ctp, line 10]
2010-10-01 13:49:56 Notice: Notice (8): session_start() [http://php.net/function.session-start]: ps_files_cleanup_dir: opendir(/var/lib/php5) failed: Permission denied (13) in [/home/chase/public_html/eventgrouper/cake/libs/cake_session.php, line 587]
2010-10-01 19:40:44 Notice: Notice (8): session_start() [http://php.net/function.session-start]: ps_files_cleanup_dir: opendir(/var/lib/php5) failed: Permission denied (13) in [/home/chase/public_html/eventgrouper/cake/libs/cake_session.php, line 587]
2010-10-01 20:12:49 Notice: Notice (8): Undefined variable: eventGroups in [/home/chase/public_html/eventgrouper/app/views/events/index.ctp, line 10]
2010-10-01 20:52:12 Notice: Notice (8): Undefined variable: html in [/home/chase/public_html/eventgrouper/app/views/helpers/navigation.php, line 11]
2010-10-01 21:43:03 Notice: Notice (8): Undefined variable: eventGroups in [/home/chase/public_html/eventgrouper/app/views/events/index.ctp, line 10]
2010-10-01 21:44:18 Notice: Notice (8): Undefined variable: eventGroups in [/home/chase/public_html/eventgrouper/app/views/events/index.ctp, line 10]
2010-10-01 21:47:22 Notice: Notice (8): Undefined variable: eventGroups in [/home/chase/public_html/eventgrouper/app/views/events/index.ctp, line 10]
2010-10-01 21:50:30 Notice: Notice (8): Undefined variable: eventGroups in [/home/chase/public_html/eventgrouper/app/views/events/index.ctp, line 10]
2010-10-01 21:52:48 Notice: Notice (8): Undefined variable: eventGroups in [/home/chase/public_html/eventgrouper/app/views/events/index.ctp, line 10]
2010-10-01 21:59:56 Notice: Notice (8): Undefined variable: eventGroups in [/home/chase/public_html/eventgrouper/app/views/events/index.ctp, line 10]
2010-10-01 22:19:58 Notice: Notice (8): Undefined property: EventGroup::$User in [/home/chase/public_html/eventgrouper/app/controllers/event_groups_controller.php, line 33]
2010-10-01 22:20:56 Notice: Notice (8): Undefined property: EventGroup::$User in [/home/chase/public_html/eventgrouper/app/controllers/event_groups_controller.php, line 70]
2010-10-01 22:22:10 Notice: Notice (8): Undefined variable: eventGroups in [/home/chase/public_html/eventgrouper/app/views/events/index.ctp, line 10]
2010-10-01 22:30:56 Notice: Notice (8): Undefined variable: eventGroups in [/home/chase/public_html/eventgrouper/app/views/events/index.ctp, line 10]
2010-10-01 22:31:17 Notice: Notice (8): Undefined variable: eventGroups in [/home/chase/public_html/eventgrouper/app/views/events/index.ctp, line 10]
2010-10-01 22:41:09 Notice: Notice (8): Undefined variable: eventGroups in [/home/chase/public_html/eventgrouper/app/views/events/index.ctp, line 10]
2010-10-01 22:50:03 Notice: Notice (8): Undefined variable: eventGroups in [/home/chase/public_html/eventgrouper/app/views/events/index.ctp, line 10]
2010-10-01 22:50:57 Notice: Notice (8): Undefined variable: eventGroups in [/home/chase/public_html/eventgrouper/app/views/events/index.ctp, line 10]
2010-10-01 23:04:31 Notice: Notice (8): Undefined variable: eventGroups in [/home/chase/public_html/eventgrouper/app/views/events/index.ctp, line 10]
2010-10-01 23:06:03 Notice: Notice (8): Undefined variable: eventGroups in [/home/chase/public_html/eventgrouper/app/views/events/index.ctp, line 10]
2010-10-03 17:27:33 Notice: Notice (8): Undefined variable: eventGroups in [/home/chase/public_html/eventgrouper/app/views/events/index.ctp, line 10]
2010-10-04 15:31:33 Notice: Notice (8): Undefined property: View::$Acl in [/home/chase/public_html/eventgrouper/app/views/event_groups/acl_test.ctp, line 1]
2010-10-04 16:55:54 Notice: Notice (8): Undefined index: Aro in [/home/chase/public_html/eventgrouper/cake/libs/model/behaviors/tree.php, line 146]
2010-10-04 17:17:08 Notice: Notice (8): Undefined property: UsersController::$Acl in [/home/chase/public_html/eventgrouper/app/controllers/users_controller.php, line 57]
2010-10-04 17:17:08 Notice: Notice (8): Trying to get property of non-object in [/home/chase/public_html/eventgrouper/app/controllers/users_controller.php, line 57]
2010-10-04 17:18:39 Notice: Notice (8): Undefined offset: 0 in [/home/chase/public_html/eventgrouper/app/controllers/event_groups_controller.php, line 67]
2010-10-04 17:29:52 Notice: Notice (8): Undefined index: aco in [/home/chase/public_html/eventgrouper/app/controllers/event_groups_controller.php, line 128]
2010-10-04 17:30:21 Notice: Notice (8): Undefined index: aco in [/home/chase/public_html/eventgrouper/app/controllers/event_groups_controller.php, line 128]
2010-10-04 18:18:20 Notice: Notice (1024): ACO permissions key view does not exist in DbAcl::check() in [/home/chase/public_html/eventgrouper/cake/libs/controller/components/acl.php, line 286]
2010-10-04 18:18:33 Notice: Notice (1024): ACO permissions key write does not exist in DbAcl::check() in [/home/chase/public_html/eventgrouper/cake/libs/controller/components/acl.php, line 286]
2010-10-06 17:21:40 Notice: Notice (8): Undefined property: MyAclComponent::$Session in [/home/chase/public_html/eventgrouper/app/controllers/components/my_acl.php, line 6]
2010-10-06 17:26:06 Notice: Notice (8): Undefined property: MyAclComponent::$Session in [/home/chase/public_html/eventgrouper/app/controllers/components/my_acl.php, line 6]
2010-10-06 17:29:57 Notice: Notice (8): Undefined property: MyAclComponent::$Session in [/home/chase/public_html/eventgrouper/app/controllers/components/my_acl.php, line 6]
2010-10-06 17:37:05 Notice: Notice (8): Undefined property: MyAclComponent::$Session in [/home/chase/public_html/eventgrouper/app/controllers/components/my_acl.php, line 6]
2010-10-06 17:46:25 Notice: Notice (8): Undefined property: MyAclComponent::$controller in [/home/chase/public_html/eventgrouper/app/controllers/components/my_acl.php, line 10]
2010-10-06 17:51:07 Notice: Notice (8): Undefined variable: controller in [/home/chase/public_html/eventgrouper/app/controllers/components/my_acl.php, line 14]
2010-10-06 18:11:54 Notice: Notice (8): Undefined variable: acl in [/home/chase/public_html/eventgrouper/app/controllers/components/my_acl.php, line 39]
2010-10-06 18:13:42 Notice: Notice (8): Undefined variable: id in [/home/chase/public_html/eventgrouper/app/controllers/event_groups_controller.php, line 55]
2010-10-06 18:14:21 Notice: Notice (8): Undefined property: EventGroup::$User in [/home/chase/public_html/eventgrouper/app/controllers/event_groups_controller.php, line 116]
2010-10-07 17:24:41 Notice: Notice (8): Undefined variable: parentId in [/home/chase/public_html/eventgrouper/app/controllers/event_groups_controller.php, line 58]
2010-10-07 17:24:47 Notice: Notice (8): Undefined variable: parentId in [/home/chase/public_html/eventgrouper/app/controllers/event_groups_controller.php, line 58]
2010-10-07 17:32:59 Notice: Notice (8): Undefined variable: parentId in [/home/chase/public_html/eventgrouper/app/controllers/event_groups_controller.php, line 58]
2010-10-07 18:10:05 Notice: Notice (1024): ACO permissions key add does not exist in DbAcl::check() in [/home/chase/public_html/eventgrouper/cake/libs/controller/components/acl.php, line 286]
2010-10-07 18:20:59 Notice: Notice (8): Undefined variable: Session in [/home/chase/public_html/eventgrouper/app/views/event_groups/index.ctp, line 36]
2010-10-07 18:30:18 Notice: Notice (1024): ACO permissions key add does not exist in DbAcl::check() in [/home/chase/public_html/eventgrouper/cake/libs/controller/components/acl.php, line 286]
2010-10-07 19:17:42 Notice: Notice (8): Undefined variable: eventGroups in [/home/chase/public_html/eventgrouper/app/views/events/index.ctp, line 10]
2010-10-07 19:18:10 Notice: Notice (8): Undefined variable: eventGroups in [/home/chase/public_html/eventgrouper/app/views/events/index.ctp, line 10]
2010-10-07 19:18:11 Notice: Notice (8): Undefined variable: eventGroups in [/home/chase/public_html/eventgrouper/app/views/events/index.ctp, line 10]
2010-10-07 19:44:09 Notice: Notice (8): Undefined property: AccessHelper::$User in [/home/chase/public_html/eventgrouper/app/views/helpers/access.php, line 20]
2010-10-08 18:40:21 Notice: Notice (8): Undefined property: AccessHelper::$User in [/home/chase/public_html/eventgrouper/app/views/helpers/access.php, line 20]
2010-10-08 18:40:23 Notice: Notice (8): Undefined property: AccessHelper::$User in [/home/chase/public_html/eventgrouper/app/views/helpers/access.php, line 20]
2010-10-08 18:40:37 Notice: Notice (8): Undefined property: AccessHelper::$User in [/home/chase/public_html/eventgrouper/app/views/helpers/access.php, line 20]
2010-10-08 19:16:38 Notice: Notice (8): Undefined variable: eventGroup in [/home/chase/public_html/eventgrouper/app/views/event_groups/view.ctp, line 118]
2010-10-08 19:24:10 Notice: Notice (8): Undefined property: EventsController::$EventGroup in [/home/chase/public_html/eventgrouper/app/controllers/events_controller.php, line 35]
2010-10-08 19:24:24 Notice: Notice (8): Undefined property: EventsController::$Acl in [/home/chase/public_html/eventgrouper/app/controllers/events_controller.php, line 46]
2010-10-08 19:24:24 Notice: Notice (8): Trying to get property of non-object in [/home/chase/public_html/eventgrouper/app/controllers/events_controller.php, line 46]
2010-10-08 19:24:53 Notice: Notice (8): Undefined variable: eventGroups in [/home/chase/public_html/eventgrouper/app/views/events/index.ctp, line 10]
2010-10-08 19:26:57 Notice: Notice (8): Undefined variable: eventGroups in [/home/chase/public_html/eventgrouper/app/views/events/index.ctp, line 10]
2010-10-08 19:30:24 Notice: Notice (8): session_start() [http://php.net/function.session-start]: ps_files_cleanup_dir: opendir(/var/lib/php5) failed: Permission denied (13) in [/home/chase/public_html/eventgrouper/cake/libs/cake_session.php, line 587]
2010-10-08 19:43:03 Notice: Notice (1024): ACO permissions key  does not exist in DbAcl::check() in [/home/chase/public_html/eventgrouper/cake/libs/controller/components/acl.php, line 286]
2010-10-08 19:44:40 Notice: Notice (1024): ACO permissions key  does not exist in DbAcl::check() in [/home/chase/public_html/eventgrouper/cake/libs/controller/components/acl.php, line 286]
2010-10-08 19:44:44 Notice: Notice (1024): ACO permissions key  does not exist in DbAcl::check() in [/home/chase/public_html/eventgrouper/cake/libs/controller/components/acl.php, line 286]
2010-10-08 19:48:07 Notice: Notice (8): Undefined variable: eventGroups in [/home/chase/public_html/eventgrouper/app/views/events/index.ctp, line 10]
2010-10-08 19:59:15 Notice: Notice (8): session_start() [http://php.net/function.session-start]: ps_files_cleanup_dir: opendir(/var/lib/php5) failed: Permission denied (13) in [/home/chase/public_html/eventgrouper/cake/libs/cake_session.php, line 587]
2010-10-08 20:45:11 Notice: Notice (8): Undefined variable: params in [/home/chase/public_html/eventgrouper/app/controllers/event_groups_controller.php, line 67]
2010-10-08 21:28:54 Notice: Notice (8): Undefined property: EventGroup::$EventGroup in [/home/chase/public_html/eventgrouper/app/models/event_group.php, line 131]
2010-10-08 21:30:08 Notice: Notice (8): Undefined index: pathstart in [/home/chase/public_html/eventgrouper/app/models/event_group.php, line 131]
2010-10-08 21:30:08 Notice: Notice (8): Undefined index: EventGroup in [/home/chase/public_html/eventgrouper/app/models/event_group.php, line 131]
2010-10-08 21:30:54 Notice: Notice (8): Undefined index: pathstart in [/home/chase/public_html/eventgrouper/app/models/event_group.php, line 132]
2010-10-08 21:30:54 Notice: Notice (8): Undefined index: EventGroup in [/home/chase/public_html/eventgrouper/app/models/event_group.php, line 132]
2010-10-08 21:32:24 Notice: Notice (8): Undefined offset: 0 in [/home/chase/public_html/eventgrouper/app/models/event_group.php, line 130]
2010-10-08 21:32:29 Notice: Notice (8): Undefined offset: 0 in [/home/chase/public_html/eventgrouper/app/models/event_group.php, line 130]
2010-10-08 21:32:29 Notice: Notice (8): Undefined index: pathstart in [/home/chase/public_html/eventgrouper/app/models/event_group.php, line 132]
2010-10-08 21:32:29 Notice: Notice (8): Undefined index: EventGroup in [/home/chase/public_html/eventgrouper/app/models/event_group.php, line 132]
2010-10-08 21:32:44 Notice: Notice (8): Undefined index: pathstart in [/home/chase/public_html/eventgrouper/app/models/event_group.php, line 132]
2010-10-08 21:32:44 Notice: Notice (8): Undefined index: EventGroup in [/home/chase/public_html/eventgrouper/app/models/event_group.php, line 132]
2010-10-08 21:35:36 Notice: Notice (8): Undefined index: pathstart in [/home/chase/public_html/eventgrouper/app/models/event_group.php, line 133]
2010-10-08 21:35:36 Notice: Notice (8): Undefined index: EventGroup in [/home/chase/public_html/eventgrouper/app/models/event_group.php, line 133]
2010-10-08 21:36:47 Notice: Notice (8): Undefined index: pathstart in [/home/chase/public_html/eventgrouper/app/models/event_group.php, line 133]
2010-10-08 21:36:47 Notice: Notice (8): Undefined index: EventGroup in [/home/chase/public_html/eventgrouper/app/models/event_group.php, line 133]
2010-10-08 21:37:25 Notice: Notice (8): Undefined index: pathstart in [/home/chase/public_html/eventgrouper/app/models/event_group.php, line 136]
2010-10-08 21:37:25 Notice: Notice (8): Undefined index: EventGroup in [/home/chase/public_html/eventgrouper/app/models/event_group.php, line 136]
2010-10-08 21:50:26 Notice: Notice (8): session_start() [http://php.net/function.session-start]: ps_files_cleanup_dir: opendir(/var/lib/php5) failed: Permission denied (13) in [/home/chase/public_html/eventgrouper/cake/libs/cake_session.php, line 587]
2010-10-08 22:36:38 Notice: Notice (8): Undefined variable: eventGroups in [/home/chase/public_html/eventgrouper/app/views/events/index.ctp, line 10]
2010-10-08 22:40:33 Notice: Notice (8): Undefined index: Event in [/home/chase/public_html/eventgrouper/app/controllers/events_controller.php, line 54]
2010-10-08 22:48:59 Notice: Notice (8): Undefined variable: eventGroups in [/home/chase/public_html/eventgrouper/app/views/events/index.ctp, line 10]
2010-10-08 23:02:12 Notice: Notice (8): Undefined variable: eventGroupId in [/home/chase/public_html/eventgrouper/app/views/events/edit.ctp, line 19]
2010-10-08 23:03:19 Notice: Notice (8): Undefined variable: eventGroupId in [/home/chase/public_html/eventgrouper/app/views/events/edit.ctp, line 19]
2010-10-08 23:10:50 Notice: Notice (8): Undefined variable: eventGroups in [/home/chase/public_html/eventgrouper/app/views/events/index.ctp, line 10]
2010-10-08 23:12:26 Notice: Notice (8): Undefined index: EventGroup in [/home/chase/public_html/eventgrouper/app/controllers/events_controller.php, line 77]
2010-10-08 23:12:48 Notice: Notice (8): Undefined index: EventGroup in [/home/chase/public_html/eventgrouper/app/controllers/events_controller.php, line 77]
2010-10-08 23:13:33 Notice: Notice (8): Undefined index: EventGroup in [/home/chase/public_html/eventgrouper/app/controllers/events_controller.php, line 77]
2010-10-08 23:14:25 Notice: Notice (8): Undefined index: EventGroup in [/home/chase/public_html/eventgrouper/app/controllers/events_controller.php, line 77]
2010-10-08 23:14:29 Notice: Notice (8): Undefined index: EventGroup in [/home/chase/public_html/eventgrouper/app/controllers/events_controller.php, line 77]
2010-10-08 23:16:28 Notice: Notice (8): Undefined index: EventGroup in [/home/chase/public_html/eventgrouper/app/controllers/events_controller.php, line 77]
2010-10-08 23:16:31 Notice: Notice (8): Undefined index: EventGroup in [/home/chase/public_html/eventgrouper/app/controllers/events_controller.php, line 77]
2010-10-08 23:16:40 Notice: Notice (8): Undefined index: EventGroup in [/home/chase/public_html/eventgrouper/app/controllers/events_controller.php, line 77]
2010-10-08 23:16:47 Notice: Notice (8): Undefined index: EventGroup in [/home/chase/public_html/eventgrouper/app/controllers/events_controller.php, line 77]
2010-10-08 23:17:10 Notice: Notice (8): Undefined index: EventGroup in [/home/chase/public_html/eventgrouper/app/controllers/events_controller.php, line 77]
2010-10-08 23:36:59 Notice: Notice (8): Undefined variable: eventGroupId in [/home/chase/public_html/eventgrouper/app/controllers/event_groups_controller.php, line 117]
2010-10-08 23:43:33 Notice: Notice (8): Undefined variable: parentId in [/home/chase/public_html/eventgrouper/app/views/event_groups/edit.ctp, line 14]
2010-10-08 23:43:33 Notice: Notice (8): Undefined variable: currenteventGroup in [/home/chase/public_html/eventgrouper/app/views/event_groups/edit.ctp, line 18]
2010-10-08 23:44:35 Notice: Notice (8): Undefined variable: parentId in [/home/chase/public_html/eventgrouper/app/views/event_groups/edit.ctp, line 14]
2010-10-08 23:44:35 Notice: Notice (8): Undefined variable: currenteventGroup in [/home/chase/public_html/eventgrouper/app/views/event_groups/edit.ctp, line 18]
2010-10-08 23:49:20 Notice: Notice (8): Undefined variable: eventGroupId in [/home/chase/public_html/eventgrouper/app/controllers/event_groups_controller.php, line 117]
2010-10-08 23:49:20 Notice: Notice (8): Undefined index: parent_id in [/home/chase/public_html/eventgrouper/app/controllers/event_groups_controller.php, line 126]
2010-10-08 23:49:20 Notice: Notice (8): Undefined index: parent_id in [/home/chase/public_html/eventgrouper/app/views/event_groups/edit.ctp, line 14]
2010-10-08 23:51:04 Notice: Notice (8): Undefined index: parent_id in [/home/chase/public_html/eventgrouper/app/controllers/event_groups_controller.php, line 126]
2010-10-08 23:51:04 Notice: Notice (8): Undefined index: parent_id in [/home/chase/public_html/eventgrouper/app/views/event_groups/edit.ctp, line 14]
2010-10-08 23:54:54 Notice: Notice (8): Undefined index: parent_id in [/home/chase/public_html/eventgrouper/app/controllers/event_groups_controller.php, line 126]
2010-10-08 23:54:54 Notice: Notice (8): Undefined index: parent_id in [/home/chase/public_html/eventgrouper/app/views/event_groups/edit.ctp, line 14]
2010-10-09 00:27:54 Notice: Notice (8): Undefined index: parent_id in [/home/chase/public_html/eventgrouper/app/views/event_groups/edit.ctp, line 15]
2010-10-09 00:29:33 Notice: Notice (8): Undefined index: parent_id in [/home/chase/public_html/eventgrouper/app/views/event_groups/edit.ctp, line 15]
2010-10-09 00:31:58 Notice: Notice (8): Undefined index: Other in [/home/chase/public_html/eventgrouper/app/controllers/event_groups_controller.php, line 130]
2010-10-09 00:31:58 Notice: Notice (8): Undefined index: Other in [/home/chase/public_html/eventgrouper/app/views/event_groups/edit.ctp, line 15]
2010-10-09 00:34:44 Notice: Notice (8): Undefined index: Other in [/home/chase/public_html/eventgrouper/app/views/event_groups/edit.ctp, line 15]
2010-10-09 00:56:21 Notice: Notice (8): Undefined index: path in [/home/chase/public_html/eventgrouper/app/controllers/event_groups_controller.php, line 66]
2010-10-09 17:04:41 Notice: Notice (8): Undefined index: confirm_password in [/home/chase/public_html/eventgrouper/app/controllers/users_controller.php, line 51]
2010-10-09 17:04:41 Notice: Notice (8): Undefined index: password in [/home/chase/public_html/eventgrouper/app/controllers/users_controller.php, line 51]
2010-10-09 17:04:43 Notice: Notice (8): Undefined index: confirm_password in [/home/chase/public_html/eventgrouper/app/controllers/users_controller.php, line 51]
2010-10-09 17:04:43 Notice: Notice (8): Undefined index: password in [/home/chase/public_html/eventgrouper/app/controllers/users_controller.php, line 51]
2010-10-09 17:05:48 Notice: Notice (8): Undefined index: confirm_password in [/home/chase/public_html/eventgrouper/app/controllers/users_controller.php, line 52]
2010-10-09 17:05:48 Notice: Notice (8): Undefined index: password in [/home/chase/public_html/eventgrouper/app/controllers/users_controller.php, line 52]
2010-10-09 17:06:22 Notice: Notice (8): Undefined index: confirm_password in [/home/chase/public_html/eventgrouper/app/controllers/users_controller.php, line 53]
2010-10-09 17:06:22 Notice: Notice (8): Undefined index: password in [/home/chase/public_html/eventgrouper/app/controllers/users_controller.php, line 53]
2010-10-11 12:25:44 Notice: Notice (8): Undefined variable: event in [/home/chase/public_html/eventgrouper/app/views/permissions/view.ctp, line 9]
2010-10-11 12:25:44 Notice: Notice (8): Undefined variable: event in [/home/chase/public_html/eventgrouper/app/views/permissions/view.ctp, line 12]
2010-10-11 12:25:44 Notice: Notice (8): Undefined variable: event in [/home/chase/public_html/eventgrouper/app/views/permissions/view.ctp, line 21]
2010-10-11 12:25:44 Notice: Notice (8): Undefined variable: event in [/home/chase/public_html/eventgrouper/app/views/permissions/view.ctp, line 22]
2010-10-11 12:25:52 Notice: Notice (8): Undefined variable: event in [/home/chase/public_html/eventgrouper/app/views/permissions/view.ctp, line 21]
2010-10-11 12:25:52 Notice: Notice (8): Undefined variable: event in [/home/chase/public_html/eventgrouper/app/views/permissions/view.ctp, line 22]
2010-10-11 13:03:28 Notice: Notice (8): Undefined variable: id in [/home/chase/public_html/eventgrouper/app/controllers/permissions_controller.php, line 119]
2010-10-11 13:04:03 Notice: Notice (8): Undefined variable: id in [/home/chase/public_html/eventgrouper/app/controllers/permissions_controller.php, line 119]
2010-10-11 14:04:27 Notice: Notice (8): Undefined index: id in [/home/chase/public_html/eventgrouper/app/controllers/permissions_controller.php, line 41]
2010-10-11 14:09:24 Notice: Notice (8): Undefined index: id in [/home/chase/public_html/eventgrouper/app/controllers/permissions_controller.php, line 42]
2010-10-11 14:44:51 Notice: Notice (8): Undefined variable: unregistereData in [/home/chase/public_html/eventgrouper/app/views/users/add.ctp, line 1]
2010-10-11 14:44:51 Notice: Notice (8): Undefined variable: unregisteredId in [/home/chase/public_html/eventgrouper/app/views/users/add.ctp, line 17]
2010-10-11 14:44:51 Notice: Notice (8): Undefined variable: unregisteredId in [/home/chase/public_html/eventgrouper/app/views/users/add.ctp, line 19]
2010-10-11 14:45:07 Notice: Notice (8): Undefined variable: unregisteredId in [/home/chase/public_html/eventgrouper/app/views/users/add.ctp, line 17]
2010-10-11 14:45:07 Notice: Notice (8): Undefined variable: unregisteredId in [/home/chase/public_html/eventgrouper/app/views/users/add.ctp, line 19]
2010-10-11 14:47:00 Notice: Notice (8): Undefined index: email in [/home/chase/public_html/eventgrouper/app/controllers/users_controller.php, line 54]
2010-10-11 15:21:47 Notice: Notice (1024): ACO permissions key editperms does not exist in DbAcl::check() in [/home/chase/public_html/eventgrouper/cake/libs/controller/components/acl.php, line 286]
2010-10-11 15:25:55 Notice: Notice (8): Undefined index: id in [/home/chase/public_html/eventgrouper/app/views/permissions/view.ctp, line 14]
2010-10-11 15:27:21 Notice: Notice (8): Undefined index: id in [/home/chase/public_html/eventgrouper/app/views/permissions/view.ctp, line 14]
2010-10-11 22:21:19 Notice: Notice (8): Undefined variable: eventGroups in [/home/chase/public_html/eventgrouper/app/views/event_groups/index.ctp, line 6]
2010-10-11 22:30:26 Notice: Notice (8): Undefined property: EventGroupsController::$MyAcl in [/home/chase/public_html/eventgrouper/app/controllers/event_groups_controller.php, line 38]
2010-10-11 22:30:35 Notice: Notice (8): Undefined property: MyAclComponent::$Session in [/home/chase/public_html/eventgrouper/app/controllers/components/my_acl.php, line 15]
2010-10-12 02:08:49 Notice: Notice (8): Undefined offset: 6 in [/home/chase/public_html/eventgrouper/app/controllers/permissions_controller.php, line 1180]
2010-10-12 02:08:49 Notice: Notice (8): Undefined offset: 7 in [/home/chase/public_html/eventgrouper/app/controllers/permissions_controller.php, line 1180]
2010-10-12 02:08:49 Notice: Notice (8): Undefined offset: 8 in [/home/chase/public_html/eventgrouper/app/controllers/permissions_controller.php, line 1180]
2010-10-12 02:08:50 Notice: Notice (8): Undefined offset: 9 in [/home/chase/public_html/eventgrouper/app/controllers/permissions_controller.php, line 1180]
2010-10-12 02:08:50 Notice: Notice (8): Undefined offset: 10 in [/home/chase/public_html/eventgrouper/app/controllers/permissions_controller.php, line 1180]
2010-10-12 02:08:50 Notice: Notice (8): Undefined offset: 11 in [/home/chase/public_html/eventgrouper/app/controllers/permissions_controller.php, line 1180]
2010-10-12 02:08:50 Notice: Notice (8): Undefined offset: 12 in [/home/chase/public_html/eventgrouper/app/controllers/permissions_controller.php, line 1180]
2010-10-12 02:08:50 Notice: Notice (8): Undefined offset: 13 in [/home/chase/public_html/eventgrouper/app/controllers/permissions_controller.php, line 1180]
2010-10-12 02:08:50 Notice: Notice (8): Undefined offset: 14 in [/home/chase/public_html/eventgrouper/app/controllers/permissions_controller.php, line 1180]
2010-10-12 02:08:50 Notice: Notice (8): Undefined offset: 15 in [/home/chase/public_html/eventgrouper/app/controllers/permissions_controller.php, line 1180]
2010-10-12 02:08:50 Notice: Notice (8): Undefined offset: 16 in [/home/chase/public_html/eventgrouper/app/controllers/permissions_controller.php, line 1180]
2010-10-12 02:08:50 Notice: Notice (8): Undefined offset: 17 in [/home/chase/public_html/eventgrouper/app/controllers/permissions_controller.php, line 1180]
2010-10-12 02:08:50 Notice: Notice (8): Undefined offset: 18 in [/home/chase/public_html/eventgrouper/app/controllers/permissions_controller.php, line 1180]
2010-10-12 02:08:50 Notice: Notice (8): Undefined offset: 19 in [/home/chase/public_html/eventgrouper/app/controllers/permissions_controller.php, line 1180]
2010-10-12 02:08:50 Notice: Notice (8): Undefined offset: 20 in [/home/chase/public_html/eventgrouper/app/controllers/permissions_controller.php, line 1180]
2010-10-12 02:08:50 Notice: Notice (8): Undefined offset: 21 in [/home/chase/public_html/eventgrouper/app/controllers/permissions_controller.php, line 1180]
2010-10-12 02:08:50 Notice: Notice (8): Undefined offset: 22 in [/home/chase/public_html/eventgrouper/app/controllers/permissions_controller.php, line 1180]
2010-10-12 02:08:50 Notice: Notice (8): Undefined offset: 23 in [/home/chase/public_html/eventgrouper/app/controllers/permissions_controller.php, line 1180]
2010-10-12 02:08:50 Notice: Notice (8): Undefined offset: 24 in [/home/chase/public_html/eventgrouper/app/controllers/permissions_controller.php, line 1180]
2010-10-12 02:08:50 Notice: Notice (8): Undefined offset: 25 in [/home/chase/public_html/eventgrouper/app/controllers/permissions_controller.php, line 1180]
2010-10-12 02:08:50 Notice: Notice (8): Undefined offset: 26 in [/home/chase/public_html/eventgrouper/app/controllers/permissions_controller.php, line 1180]
2010-10-12 02:08:50 Notice: Notice (8): Undefined offset: 27 in [/home/chase/public_html/eventgrouper/app/controllers/permissions_controller.php, line 1180]
2010-10-12 02:08:50 Notice: Notice (8): Undefined offset: 28 in [/home/chase/public_html/eventgrouper/app/controllers/permissions_controller.php, line 1180]
2010-10-12 02:08:50 Notice: Notice (8): Undefined offset: 29 in [/home/chase/public_html/eventgrouper/app/controllers/permissions_controller.php, line 1180]
2010-10-12 02:08:50 Notice: Notice (8): Undefined offset: 30 in [/home/chase/public_html/eventgrouper/app/controllers/permissions_controller.php, line 1180]
2010-10-12 02:08:50 Notice: Notice (8): Undefined offset: 31 in [/home/chase/public_html/eventgrouper/app/controllers/permissions_controller.php, line 1180]
2010-10-12 02:08:50 Notice: Notice (8): Undefined offset: 32 in [/home/chase/public_html/eventgrouper/app/controllers/permissions_controller.php, line 1180]
2010-10-12 02:08:50 Notice: Notice (8): Undefined offset: 33 in [/home/chase/public_html/eventgrouper/app/controllers/permissions_controller.php, line 1180]
2010-10-12 02:08:50 Notice: Notice (8): Undefined offset: 34 in [/home/chase/public_html/eventgrouper/app/controllers/permissions_controller.php, line 1180]
2010-10-12 02:08:50 Notice: Notice (8): Undefined offset: 35 in [/home/chase/public_html/eventgrouper/app/controllers/permissions_controller.php, line 1180]
2010-10-12 02:08:50 Notice: Notice (8): Undefined offset: 36 in [/home/chase/public_html/eventgrouper/app/controllers/permissions_controller.php, line 1180]
2010-10-12 02:08:50 Notice: Notice (8): Undefined offset: 37 in [/home/chase/public_html/eventgrouper/app/controllers/permissions_controller.php, line 1180]
2010-10-12 02:08:50 Notice: Notice (8): Undefined offset: 38 in [/home/chase/public_html/eventgrouper/app/controllers/permissions_controller.php, line 1180]
2010-10-12 02:08:51 Notice: Notice (8): Undefined offset: 39 in [/home/chase/public_html/eventgrouper/app/controllers/permissions_controller.php, line 1180]
2010-10-12 02:08:51 Notice: Notice (8): Undefined offset: 40 in [/home/chase/public_html/eventgrouper/app/controllers/permissions_controller.php, line 1180]
2010-10-12 02:08:51 Notice: Notice (8): Undefined offset: 41 in [/home/chase/public_html/eventgrouper/app/controllers/permissions_controller.php, line 1180]
2010-10-12 02:08:51 Notice: Notice (8): Undefined offset: 42 in [/home/chase/public_html/eventgrouper/app/controllers/permissions_controller.php, line 1180]
2010-10-12 02:08:51 Notice: Notice (8): Undefined offset: 43 in [/home/chase/public_html/eventgrouper/app/controllers/permissions_controller.php, line 1180]
2010-10-12 02:08:51 Notice: Notice (8): Undefined offset: 44 in [/home/chase/public_html/eventgrouper/app/controllers/permissions_controller.php, line 1180]
2010-10-12 02:08:51 Notice: Notice (8): Undefined offset: 45 in [/home/chase/public_html/eventgrouper/app/controllers/permissions_controller.php, line 1180]
2010-10-12 02:08:51 Notice: Notice (8): Undefined offset: 46 in [/home/chase/public_html/eventgrouper/app/controllers/permissions_controller.php, line 1180]
2010-10-12 02:08:51 Notice: Notice (8): Undefined offset: 47 in [/home/chase/public_html/eventgrouper/app/controllers/permissions_controller.php, line 1180]
2010-10-12 02:08:51 Notice: Notice (8): Undefined offset: 48 in [/home/chase/public_html/eventgrouper/app/controllers/permissions_controller.php, line 1180]
2010-10-12 02:08:51 Notice: Notice (8): Undefined offset: 49 in [/home/chase/public_html/eventgrouper/app/controllers/permissions_controller.php, line 1180]
2010-10-12 02:08:51 Notice: Notice (8): Undefined offset: 50 in [/home/chase/public_html/eventgrouper/app/controllers/permissions_controller.php, line 1180]
2010-10-12 02:08:51 Notice: Notice (8): Undefined offset: 51 in [/home/chase/public_html/eventgrouper/app/controllers/permissions_controller.php, line 1180]
2010-10-12 02:08:51 Notice: Notice (8): Undefined offset: 52 in [/home/chase/public_html/eventgrouper/app/controllers/permissions_controller.php, line 1180]
2010-10-12 02:08:51 Notice: Notice (8): Undefined offset: 53 in [/home/chase/public_html/eventgrouper/app/controllers/permissions_controller.php, line 1180]
2010-10-12 02:08:51 Notice: Notice (8): Undefined offset: 54 in [/home/chase/public_html/eventgrouper/app/controllers/permissions_controller.php, line 1180]
2010-10-12 02:08:51 Notice: Notice (8): Undefined offset: 55 in [/home/chase/public_html/eventgrouper/app/controllers/permissions_controller.php, line 1180]
2010-10-12 02:08:51 Notice: Notice (8): Undefined offset: 56 in [/home/chase/public_html/eventgrouper/app/controllers/permissions_controller.php, line 1180]
2010-10-12 02:08:51 Notice: Notice (8): Undefined offset: 57 in [/home/chase/public_html/eventgrouper/app/controllers/permissions_controller.php, line 1180]
2010-10-12 02:08:51 Notice: Notice (8): Undefined offset: 58 in [/home/chase/public_html/eventgrouper/app/controllers/permissions_controller.php, line 1180]
2010-10-12 02:08:51 Notice: Notice (8): Undefined offset: 59 in [/home/chase/public_html/eventgrouper/app/controllers/permissions_controller.php, line 1180]
2010-10-12 02:08:51 Notice: Notice (8): Undefined offset: 60 in [/home/chase/public_html/eventgrouper/app/controllers/permissions_controller.php, line 1180]
2010-10-12 02:08:51 Notice: Notice (8): Undefined offset: 61 in [/home/chase/public_html/eventgrouper/app/controllers/permissions_controller.php, line 1180]
2010-10-12 02:08:51 Notice: Notice (8): Undefined offset: 62 in [/home/chase/public_html/eventgrouper/app/controllers/permissions_controller.php, line 1180]
2010-10-12 02:08:51 Notice: Notice (8): Undefined offset: 63 in [/home/chase/public_html/eventgrouper/app/controllers/permissions_controller.php, line 1180]
2010-10-12 02:08:51 Notice: Notice (8): Undefined offset: 64 in [/home/chase/public_html/eventgrouper/app/controllers/permissions_controller.php, line 1180]
2010-10-12 02:08:51 Notice: Notice (8): Undefined offset: 65 in [/home/chase/public_html/eventgrouper/app/controllers/permissions_controller.php, line 1180]
2010-10-12 02:08:51 Notice: Notice (8): Undefined offset: 66 in [/home/chase/public_html/eventgrouper/app/controllers/permissions_controller.php, line 1180]
2010-10-12 02:08:52 Notice: Notice (8): Undefined offset: 67 in [/home/chase/public_html/eventgrouper/app/controllers/permissions_controller.php, line 1180]
2010-10-12 02:08:52 Notice: Notice (8): Undefined offset: 68 in [/home/chase/public_html/eventgrouper/app/controllers/permissions_controller.php, line 1180]
2010-10-12 02:08:52 Notice: Notice (8): Undefined offset: 69 in [/home/chase/public_html/eventgrouper/app/controllers/permissions_controller.php, line 1180]
2010-10-12 02:08:52 Notice: Notice (8): Undefined offset: 70 in [/home/chase/public_html/eventgrouper/app/controllers/permissions_controller.php, line 1180]
2010-10-12 02:08:52 Notice: Notice (8): Undefined offset: 71 in [/home/chase/public_html/eventgrouper/app/controllers/permissions_controller.php, line 1180]
2010-10-12 02:08:52 Notice: Notice (8): Undefined offset: 72 in [/home/chase/public_html/eventgrouper/app/controllers/permissions_controller.php, line 1180]
2010-10-12 02:08:52 Notice: Notice (8): Undefined offset: 73 in [/home/chase/public_html/eventgrouper/app/controllers/permissions_controller.php, line 1180]
2010-10-12 02:08:52 Notice: Notice (8): Undefined offset: 74 in [/home/chase/public_html/eventgrouper/app/controllers/permissions_controller.php, line 1180]
2010-10-12 02:08:52 Notice: Notice (8): Undefined offset: 75 in [/home/chase/public_html/eventgrouper/app/controllers/permissions_controller.php, line 1180]
2010-10-12 02:08:52 Notice: Notice (8): Undefined offset: 76 in [/home/chase/public_html/eventgrouper/app/controllers/permissions_controller.php, line 1180]
2010-10-12 02:08:52 Notice: Notice (8): Undefined offset: 77 in [/home/chase/public_html/eventgrouper/app/controllers/permissions_controller.php, line 1180]
2010-10-12 02:08:52 Notice: Notice (8): Undefined offset: 78 in [/home/chase/public_html/eventgrouper/app/controllers/permissions_controller.php, line 1180]
2010-10-12 02:08:52 Notice: Notice (8): Undefined offset: 79 in [/home/chase/public_html/eventgrouper/app/controllers/permissions_controller.php, line 1180]
2010-10-12 02:08:52 Notice: Notice (8): Undefined offset: 80 in [/home/chase/public_html/eventgrouper/app/controllers/permissions_controller.php, line 1180]
2010-10-12 02:08:52 Notice: Notice (8): Undefined offset: 81 in [/home/chase/public_html/eventgrouper/app/controllers/permissions_controller.php, line 1180]
2010-10-12 02:08:52 Notice: Notice (8): Undefined offset: 82 in [/home/chase/public_html/eventgrouper/app/controllers/permissions_controller.php, line 1180]
2010-10-12 02:08:52 Notice: Notice (8): Undefined offset: 83 in [/home/chase/public_html/eventgrouper/app/controllers/permissions_controller.php, line 1180]
2010-10-12 02:08:52 Notice: Notice (8): Undefined offset: 84 in [/home/chase/public_html/eventgrouper/app/controllers/permissions_controller.php, line 1180]
2010-10-12 02:08:52 Notice: Notice (8): Undefined offset: 85 in [/home/chase/public_html/eventgrouper/app/controllers/permissions_controller.php, line 1180]
2010-10-12 02:08:52 Notice: Notice (8): Undefined offset: 86 in [/home/chase/public_html/eventgrouper/app/controllers/permissions_controller.php, line 1180]
2010-10-12 02:08:52 Notice: Notice (8): Undefined offset: 87 in [/home/chase/public_html/eventgrouper/app/controllers/permissions_controller.php, line 1180]
2010-10-12 02:08:52 Notice: Notice (8): Undefined offset: 88 in [/home/chase/public_html/eventgrouper/app/controllers/permissions_controller.php, line 1180]
2010-10-12 02:08:52 Notice: Notice (8): Undefined offset: 89 in [/home/chase/public_html/eventgrouper/app/controllers/permissions_controller.php, line 1180]
2010-10-12 02:08:52 Notice: Notice (8): Undefined offset: 90 in [/home/chase/public_html/eventgrouper/app/controllers/permissions_controller.php, line 1180]
2010-10-12 02:08:52 Notice: Notice (8): Undefined offset: 91 in [/home/chase/public_html/eventgrouper/app/controllers/permissions_controller.php, line 1180]
2010-10-12 02:08:52 Notice: Notice (8): Undefined offset: 92 in [/home/chase/public_html/eventgrouper/app/controllers/permissions_controller.php, line 1180]
2010-10-12 02:08:52 Notice: Notice (8): Undefined offset: 93 in [/home/chase/public_html/eventgrouper/app/controllers/permissions_controller.php, line 1180]
2010-10-12 02:08:52 Notice: Notice (8): Undefined offset: 94 in [/home/chase/public_html/eventgrouper/app/controllers/permissions_controller.php, line 1180]
2010-10-12 02:08:53 Notice: Notice (8): Undefined offset: 95 in [/home/chase/public_html/eventgrouper/app/controllers/permissions_controller.php, line 1180]
2010-10-12 02:08:53 Notice: Notice (8): Undefined offset: 96 in [/home/chase/public_html/eventgrouper/app/controllers/permissions_controller.php, line 1180]
2010-10-12 02:08:53 Notice: Notice (8): Undefined offset: 97 in [/home/chase/public_html/eventgrouper/app/controllers/permissions_controller.php, line 1180]
2010-10-12 02:08:53 Notice: Notice (8): Undefined offset: 98 in [/home/chase/public_html/eventgrouper/app/controllers/permissions_controller.php, line 1180]
2010-10-12 02:08:53 Notice: Notice (8): Undefined offset: 99 in [/home/chase/public_html/eventgrouper/app/controllers/permissions_controller.php, line 1180]
2010-10-12 02:08:53 Notice: Notice (8): Undefined offset: 100 in [/home/chase/public_html/eventgrouper/app/controllers/permissions_controller.php, line 1180]
2010-10-12 02:08:53 Notice: Notice (8): Undefined offset: 101 in [/home/chase/public_html/eventgrouper/app/controllers/permissions_controller.php, line 1180]
2010-10-12 02:08:53 Notice: Notice (8): Undefined offset: 102 in [/home/chase/public_html/eventgrouper/app/controllers/permissions_controller.php, line 1180]
2010-10-12 02:08:53 Notice: Notice (8): Undefined offset: 103 in [/home/chase/public_html/eventgrouper/app/controllers/permissions_controller.php, line 1180]
2010-10-12 02:08:53 Notice: Notice (8): Undefined offset: 104 in [/home/chase/public_html/eventgrouper/app/controllers/permissions_controller.php, line 1180]
2010-10-12 02:08:53 Notice: Notice (8): Undefined offset: 105 in [/home/chase/public_html/eventgrouper/app/controllers/permissions_controller.php, line 1180]
2010-10-12 02:08:53 Notice: Notice (8): Undefined offset: 106 in [/home/chase/public_html/eventgrouper/app/controllers/permissions_controller.php, line 1180]
2010-10-12 02:08:53 Notice: Notice (8): Undefined offset: 107 in [/home/chase/public_html/eventgrouper/app/controllers/permissions_controller.php, line 1180]
2010-10-12 02:08:53 Notice: Notice (8): Undefined offset: 108 in [/home/chase/public_html/eventgrouper/app/controllers/permissions_controller.php, line 1180]
2010-10-12 02:08:53 Notice: Notice (8): Undefined offset: 109 in [/home/chase/public_html/eventgrouper/app/controllers/permissions_controller.php, line 1180]
2010-10-12 02:08:53 Notice: Notice (8): Undefined offset: 110 in [/home/chase/public_html/eventgrouper/app/controllers/permissions_controller.php, line 1180]
2010-10-12 02:08:53 Notice: Notice (8): Undefined offset: 111 in [/home/chase/public_html/eventgrouper/app/controllers/permissions_controller.php, line 1180]
2010-10-12 02:08:53 Notice: Notice (8): Undefined offset: 112 in [/home/chase/public_html/eventgrouper/app/controllers/permissions_controller.php, line 1180]
2010-10-12 02:08:53 Notice: Notice (8): Undefined offset: 113 in [/home/chase/public_html/eventgrouper/app/controllers/permissions_controller.php, line 1180]
2010-10-12 02:08:53 Notice: Notice (8): Undefined offset: 114 in [/home/chase/public_html/eventgrouper/app/controllers/permissions_controller.php, line 1180]
2010-10-12 02:08:53 Notice: Notice (8): Undefined offset: 115 in [/home/chase/public_html/eventgrouper/app/controllers/permissions_controller.php, line 1180]
2010-10-12 02:08:53 Notice: Notice (8): Undefined offset: 116 in [/home/chase/public_html/eventgrouper/app/controllers/permissions_controller.php, line 1180]
2010-10-12 02:08:53 Notice: Notice (8): Undefined offset: 117 in [/home/chase/public_html/eventgrouper/app/controllers/permissions_controller.php, line 1180]
2010-10-12 02:08:53 Notice: Notice (8): Undefined offset: 118 in [/home/chase/public_html/eventgrouper/app/controllers/permissions_controller.php, line 1180]
2010-10-12 02:08:53 Notice: Notice (8): Undefined offset: 119 in [/home/chase/public_html/eventgrouper/app/controllers/permissions_controller.php, line 1180]
2010-10-12 02:08:53 Notice: Notice (8): Undefined offset: 120 in [/home/chase/public_html/eventgrouper/app/controllers/permissions_controller.php, line 1180]
2010-10-12 02:08:53 Notice: Notice (8): Undefined offset: 121 in [/home/chase/public_html/eventgrouper/app/controllers/permissions_controller.php, line 1180]
2010-10-12 02:08:53 Notice: Notice (8): Undefined offset: 122 in [/home/chase/public_html/eventgrouper/app/controllers/permissions_controller.php, line 1180]
2010-10-12 02:08:54 Notice: Notice (8): Undefined offset: 123 in [/home/chase/public_html/eventgrouper/app/controllers/permissions_controller.php, line 1180]
2010-10-12 02:08:54 Notice: Notice (8): Undefined offset: 124 in [/home/chase/public_html/eventgrouper/app/controllers/permissions_controller.php, line 1180]
2010-10-12 02:08:54 Notice: Notice (8): Undefined offset: 125 in [/home/chase/public_html/eventgrouper/app/controllers/permissions_controller.php, line 1180]
2010-10-12 02:08:54 Notice: Notice (8): Undefined offset: 126 in [/home/chase/public_html/eventgrouper/app/controllers/permissions_controller.php, line 1180]
2010-10-12 02:08:54 Notice: Notice (8): Undefined offset: 127 in [/home/chase/public_html/eventgrouper/app/controllers/permissions_controller.php, line 1180]
2010-10-12 02:08:54 Notice: Notice (8): Undefined offset: 128 in [/home/chase/public_html/eventgrouper/app/controllers/permissions_controller.php, line 1180]
2010-10-12 02:08:54 Notice: Notice (8): Undefined offset: 129 in [/home/chase/public_html/eventgrouper/app/controllers/permissions_controller.php, line 1180]
2010-10-12 02:08:54 Notice: Notice (8): Undefined offset: 130 in [/home/chase/public_html/eventgrouper/app/controllers/permissions_controller.php, line 1180]
2010-10-12 02:08:54 Notice: Notice (8): Undefined offset: 131 in [/home/chase/public_html/eventgrouper/app/controllers/permissions_controller.php, line 1180]
2010-10-12 02:08:54 Notice: Notice (8): Undefined offset: 132 in [/home/chase/public_html/eventgrouper/app/controllers/permissions_controller.php, line 1180]
2010-10-12 02:08:54 Notice: Notice (8): Undefined offset: 133 in [/home/chase/public_html/eventgrouper/app/controllers/permissions_controller.php, line 1180]
2010-10-12 02:08:54 Notice: Notice (8): Undefined offset: 134 in [/home/chase/public_html/eventgrouper/app/controllers/permissions_controller.php, line 1180]
2010-10-12 02:08:54 Notice: Notice (8): Undefined offset: 135 in [/home/chase/public_html/eventgrouper/app/controllers/permissions_controller.php, line 1180]
2010-10-12 02:08:54 Notice: Notice (8): Undefined offset: 136 in [/home/chase/public_html/eventgrouper/app/controllers/permissions_controller.php, line 1180]
2010-10-12 02:08:54 Notice: Notice (8): Undefined offset: 137 in [/home/chase/public_html/eventgrouper/app/controllers/permissions_controller.php, line 1180]
2010-10-12 02:08:54 Notice: Notice (8): Undefined offset: 138 in [/home/chase/public_html/eventgrouper/app/controllers/permissions_controller.php, line 1180]
2010-10-12 02:08:54 Notice: Notice (8): Undefined offset: 139 in [/home/chase/public_html/eventgrouper/app/controllers/permissions_controller.php, line 1180]
2010-10-12 02:08:54 Notice: Notice (8): Undefined offset: 140 in [/home/chase/public_html/eventgrouper/app/controllers/permissions_controller.php, line 1180]
2010-10-12 02:08:54 Notice: Notice (8): Undefined offset: 141 in [/home/chase/public_html/eventgrouper/app/controllers/permissions_controller.php, line 1180]
2010-10-12 02:20:36 Notice: Notice (8): Undefined offset: 1 in [/home/chase/public_html/eventgrouper/app/controllers/permissions_controller.php, line 1181]
2010-10-12 02:21:07 Notice: Notice (8): Undefined offset: 1 in [/home/chase/public_html/eventgrouper/app/controllers/permissions_controller.php, line 1182]
2010-10-12 02:21:16 Notice: Notice (8): Undefined variable: duration in [/home/chase/public_html/eventgrouper/app/controllers/permissions_controller.php, line 1185]
2010-10-14 23:47:46 Notice: Notice (8): session_start() [http://php.net/function.session-start]: ps_files_cleanup_dir: opendir(/var/lib/php5) failed: Permission denied (13) in [/home/chase/public_html/eventgrouper/cake/libs/cake_session.php, line 587]
2010-10-15 00:12:25 Notice: Notice (8): Undefined variable: parentId in [/home/chase/public_html/eventgrouper/app/models/event_group.php, line 149]
2010-10-15 00:12:25 Notice: Notice (8): Undefined variable: parentId in [/home/chase/public_html/eventgrouper/app/models/event_group.php, line 153]
2010-10-15 00:40:55 Notice: Notice (8): Undefined index: CategoryChoices in [/home/chase/public_html/eventgrouper/app/views/event_groups/edit.ctp, line 3]
2010-10-15 00:46:25 Notice: Notice (8): Undefined variable: categoryStr in [/home/chase/public_html/eventgrouper/app/views/event_groups/edit.ctp, line 3]
2010-10-15 00:50:51 Notice: Notice (8): Undefined variable: id in [/home/chase/public_html/eventgrouper/app/controllers/event_groups_controller.php, line 68]
2010-10-15 01:05:50 Notice: Notice (8): Undefined variable: eventGroupId in [/home/chase/public_html/eventgrouper/app/controllers/events_controller.php, line 86]
2010-10-15 01:08:04 Notice: Notice (8): Undefined variable: eventGroupId in [/home/chase/public_html/eventgrouper/app/controllers/events_controller.php, line 94]
2010-10-15 01:08:20 Notice: Notice (8): Undefined property: EventsController::$CategoryChoice in [/home/chase/public_html/eventgrouper/app/controllers/events_controller.php, line 86]
2010-10-15 01:08:37 Notice: Notice (8): Undefined variable: eventGroupId in [/home/chase/public_html/eventgrouper/app/controllers/events_controller.php, line 94]
2010-10-15 01:09:30 Notice: Notice (8): Undefined variable: eventGroupId in [/home/chase/public_html/eventgrouper/app/controllers/events_controller.php, line 94]
2010-10-15 01:09:32 Notice: Notice (8): Undefined variable: eventGroupId in [/home/chase/public_html/eventgrouper/app/controllers/events_controller.php, line 94]
2010-10-15 01:09:38 Notice: Notice (8): Undefined variable: eventGroupId in [/home/chase/public_html/eventgrouper/app/controllers/events_controller.php, line 94]
2010-10-15 01:10:41 Notice: Notice (8): Undefined variable: eventGroupId in [/home/chase/public_html/eventgrouper/app/controllers/events_controller.php, line 94]
2010-10-15 18:02:56 Notice: Notice (8): Undefined variable: groupId in [/home/chase/public_html/eventgrouper/app/controllers/events_controller.php, line 62]
2010-10-15 18:02:56 Notice: Notice (8): Undefined variable: groupId in [/home/chase/public_html/eventgrouper/app/controllers/events_controller.php, line 62]
2010-10-15 18:03:23 Notice: Notice (8): Undefined variable: id in [/home/chase/public_html/eventgrouper/app/controllers/events_controller.php, line 63]
2010-10-15 18:10:49 Notice: Notice (8): Undefined index: parent_id in [/home/chase/public_html/eventgrouper/app/controllers/event_groups_controller.php, line 56]
2010-10-15 18:10:49 Notice: Notice (8): Undefined index: pathstart in [/home/chase/public_html/eventgrouper/app/controllers/event_groups_controller.php, line 65]
2010-10-15 18:10:49 Notice: Notice (8): Undefined index: parent_id in [/home/chase/public_html/eventgrouper/app/controllers/event_groups_controller.php, line 70]
2010-10-15 18:10:49 Notice: Notice (8): Undefined index: Other in [/home/chase/public_html/eventgrouper/app/controllers/event_groups_controller.php, line 72]
2010-10-15 18:16:26 Notice: Notice (8): Undefined property: EventGroupsController::$Event in [/home/chase/public_html/eventgrouper/app/controllers/event_groups_controller.php, line 113]
2010-10-15 18:17:01 Notice: Notice (8): Undefined index: parent_id in [/home/chase/public_html/eventgrouper/app/controllers/event_groups_controller.php, line 114]
2010-10-15 18:18:37 Notice: Notice (8): Undefined index: parent_id in [/home/chase/public_html/eventgrouper/app/controllers/event_groups_controller.php, line 115]
2010-10-15 21:12:13 Notice: Notice (8): Undefined index: search in [/home/chase/public_html/eventgrouper/app/controllers/event_groups_controller.php, line 50]
2010-10-16 10:54:40 Notice: Notice (8): Undefined property: EventGroupsController::$CategoryChoice in [/home/chase/public_html/eventgrouper/app/controllers/event_groups_controller.php, line 60]
2010-10-16 10:55:05 Notice: Notice (8): Undefined variable: category_choices in [/home/chase/public_html/eventgrouper/app/views/event_groups/view.ctp, line 7]
2010-10-16 10:55:39 Notice: Notice (8): Undefined variable: category_choices in [/home/chase/public_html/eventgrouper/app/views/event_groups/view.ctp, line 7]
2010-10-16 10:55:53 Notice: Notice (8): Undefined variable: categoryChoices in [/home/chase/public_html/eventgrouper/app/views/event_groups/view.ctp, line 7]
2010-10-16 12:08:40 Notice: Notice (8): Undefined property: EventGroupsController::$parms in [/home/chase/public_html/eventgrouper/app/controllers/event_groups_controller.php, line 56]
2010-10-16 12:08:40 Notice: Notice (8): Undefined property: EventGroupsController::$parms in [/home/chase/public_html/eventgrouper/app/controllers/event_groups_controller.php, line 56]
2010-10-16 12:12:23 Notice: Notice (8): Undefined variable: params in [/home/chase/public_html/eventgrouper/app/views/event_groups/view.ctp, line 12]
2010-10-16 12:13:39 Notice: Notice (8): Undefined index: categories in [/home/chase/public_html/eventgrouper/app/views/event_groups/view.ctp, line 7]
2010-10-16 12:17:04 Notice: Notice (8): Undefined index: categories in [/home/chase/public_html/eventgrouper/app/views/event_groups/view.ctp, line 15]
2010-10-16 12:18:02 Notice: Notice (8): Undefined index: categories in [/home/chase/public_html/eventgrouper/app/views/event_groups/view.ctp, line 16]
2010-10-16 21:57:03 Notice: Notice (8): Undefined index: 2010-10-25 in [/home/chase/public_html/eventgrouper/app/views/event_groups/view.ctp, line 267]
2010-10-16 21:57:03 Notice: Notice (8): Undefined index: 20 in [/home/chase/public_html/eventgrouper/app/views/event_groups/view.ctp, line 267]
2010-10-17 00:33:25 Notice: Notice (8): Undefined index: pass in [/home/chase/public_html/eventgrouper/app/controllers/users_controller.php, line 88]
2010-10-17 00:33:25 Notice: Notice (8): Undefined index: confirm password in [/home/chase/public_html/eventgrouper/app/controllers/users_controller.php, line 89]
2010-10-17 00:33:25 Notice: Notice (8): Undefined index: pass in [/home/chase/public_html/eventgrouper/app/controllers/users_controller.php, line 89]
2010-10-17 00:33:57 Notice: Notice (8): Undefined index: pass in [/home/chase/public_html/eventgrouper/app/controllers/users_controller.php, line 88]
2010-10-17 00:33:57 Notice: Notice (8): Undefined index: confirm password in [/home/chase/public_html/eventgrouper/app/controllers/users_controller.php, line 89]
2010-10-17 00:33:57 Notice: Notice (8): Undefined index: pass in [/home/chase/public_html/eventgrouper/app/controllers/users_controller.php, line 89]
2010-10-17 00:34:02 Notice: Notice (8): Undefined index: pass in [/home/chase/public_html/eventgrouper/app/controllers/users_controller.php, line 88]
2010-10-17 00:34:02 Notice: Notice (8): Undefined index: confirm password in [/home/chase/public_html/eventgrouper/app/controllers/users_controller.php, line 89]
2010-10-17 00:34:02 Notice: Notice (8): Undefined index: pass in [/home/chase/public_html/eventgrouper/app/controllers/users_controller.php, line 89]
2010-10-17 00:34:33 Notice: Notice (8): Undefined index: pass in [/home/chase/public_html/eventgrouper/app/controllers/users_controller.php, line 70]
2010-10-17 00:34:33 Notice: Notice (8): Undefined index: UserAlias in [/home/chase/public_html/eventgrouper/app/controllers/users_controller.php, line 74]
2010-10-17 00:34:33 Notice: Notice (8): Undefined index: UserAlias in [/home/chase/public_html/eventgrouper/app/controllers/users_controller.php, line 78]
2010-10-17 00:35:07 Notice: Notice (8): Undefined index: UserAlias in [/home/chase/public_html/eventgrouper/app/controllers/users_controller.php, line 73]
2010-10-17 00:35:07 Notice: Notice (8): Undefined index: UserAlias in [/home/chase/public_html/eventgrouper/app/controllers/users_controller.php, line 77]
2010-10-17 11:43:17 Notice: Notice (8): Undefined property: AccessHelper::$UserAlias in [/home/chase/public_html/eventgrouper/app/views/helpers/access.php, line 17]
2010-10-17 12:32:54 Notice: Notice (8): Undefined property: PermissionsController::$root in [/home/chase/public_html/eventgrouper/app/controllers/permissions_controller.php, line 53]
2010-10-17 12:32:54 Notice: Notice (8): Undefined property: PermissionsController::$root in [/home/chase/public_html/eventgrouper/app/controllers/permissions_controller.php, line 61]
2010-10-17 13:04:16 Notice: Notice (8): Undefined variable: permissionRow in [/home/chase/public_html/eventgrouper/app/controllers/permissions_controller.php, line 28]
2010-10-17 13:04:16 Notice: Notice (8): Undefined variable: permissionRow in [/home/chase/public_html/eventgrouper/app/controllers/permissions_controller.php, line 30]
