2010-10-26 17:20:22 Notice: Notice (8): Undefined property: View::$Configure in [/home/chase/public_html/eventgrouper/app/views/layouts/default.ctp, line 73]
2010-10-26 17:20:22 Notice: Notice (8): Undefined property: View::$Configure in [/home/chase/public_html/eventgrouper/app/views/layouts/default.ctp, line 73]
2010-10-26 17:20:26 Notice: Notice (8): session_start() [http://php.net/function.session-start]: ps_files_cleanup_dir: opendir(/var/lib/php5) failed: Permission denied (13) in [/home/chase/public_html/eventgrouper/cake/libs/cake_session.php, line 587]
2010-10-26 17:20:26 Notice: Notice (8): Undefined property: View::$Configure in [/home/chase/public_html/eventgrouper/app/views/layouts/default.ctp, line 73]
2010-10-26 17:20:26 Notice: Notice (8): Undefined property: View::$Configure in [/home/chase/public_html/eventgrouper/app/views/layouts/default.ctp, line 73]
2010-10-26 17:20:32 Notice: Notice (8): Undefined property: View::$Configure in [/home/chase/public_html/eventgrouper/app/views/layouts/default.ctp, line 73]
2010-10-26 17:20:33 Notice: Notice (8): Undefined property: View::$Configure in [/home/chase/public_html/eventgrouper/app/views/layouts/default.ctp, line 73]
2010-10-26 17:20:36 Notice: Notice (8): Undefined property: View::$Configure in [/home/chase/public_html/eventgrouper/app/views/layouts/default.ctp, line 73]
2010-10-26 17:20:36 Notice: Notice (8): Undefined property: View::$Configure in [/home/chase/public_html/eventgrouper/app/views/layouts/default.ctp, line 73]
2010-10-26 17:20:37 Notice: Notice (8): Undefined property: View::$Configure in [/home/chase/public_html/eventgrouper/app/views/layouts/default.ctp, line 73]
2010-10-26 17:20:38 Notice: Notice (8): Undefined property: View::$Configure in [/home/chase/public_html/eventgrouper/app/views/layouts/default.ctp, line 73]
2010-10-26 17:20:39 Notice: Notice (8): Undefined property: View::$Configure in [/home/chase/public_html/eventgrouper/app/views/layouts/default.ctp, line 73]
2010-10-26 17:20:39 Notice: Notice (8): Undefined property: View::$Configure in [/home/chase/public_html/eventgrouper/app/views/layouts/default.ctp, line 73]
2010-10-26 17:20:40 Notice: Notice (8): Undefined property: View::$Configure in [/home/chase/public_html/eventgrouper/app/views/layouts/default.ctp, line 73]
2010-10-26 17:20:40 Notice: Notice (8): Undefined property: View::$Configure in [/home/chase/public_html/eventgrouper/app/views/layouts/default.ctp, line 73]
2010-10-26 17:21:32 Notice: Notice (8): Undefined property: View::$Configure in [/home/chase/public_html/eventgrouper/app/views/layouts/default.ctp, line 49]
2010-10-26 17:21:33 Notice: Notice (8): Undefined property: View::$Configure in [/home/chase/public_html/eventgrouper/app/views/layouts/default.ctp, line 49]
2010-10-26 17:34:41 Notice: Notice (8): Undefined variable: configuration in [/home/chase/public_html/eventgrouper/app/views/layouts/default.ctp, line 49]
2010-10-26 17:34:41 Notice: Notice (8): Undefined variable: configuration in [/home/chase/public_html/eventgrouper/app/views/layouts/default.ctp, line 49]
2010-10-26 17:35:03 Notice: Notice (8): Undefined variable: configuration in [/home/chase/public_html/eventgrouper/app/views/layouts/default.ctp, line 49]
2010-10-26 17:35:03 Notice: Notice (8): Undefined variable: configuration in [/home/chase/public_html/eventgrouper/app/views/layouts/default.ctp, line 49]
2010-10-26 17:35:28 Notice: Notice (8): Undefined property: View::$Configure in [/home/chase/public_html/eventgrouper/app/views/layouts/default.ctp, line 74]
2010-10-26 17:35:29 Notice: Notice (8): Undefined property: View::$Configure in [/home/chase/public_html/eventgrouper/app/views/layouts/default.ctp, line 74]
2010-10-26 18:23:13 Notice: Notice (8): Undefined property: stdClass::$email in [/home/chase/public_html/eventgrouper/app/controllers/components/facebook.php, line 30]
2010-10-26 18:23:14 Notice: Notice (8): Undefined property: stdClass::$email in [/home/chase/public_html/eventgrouper/app/controllers/components/facebook.php, line 30]
2010-10-26 18:23:15 Notice: Notice (8): Undefined property: stdClass::$email in [/home/chase/public_html/eventgrouper/app/controllers/components/facebook.php, line 30]
2010-10-26 18:25:15 Notice: Notice (8): Undefined property: stdClass::$email in [/home/chase/public_html/eventgrouper/app/controllers/components/facebook.php, line 30]
2010-10-26 18:25:16 Notice: Notice (8): Undefined property: stdClass::$email in [/home/chase/public_html/eventgrouper/app/controllers/components/facebook.php, line 30]
2010-10-26 18:25:17 Notice: Notice (8): Undefined property: stdClass::$email in [/home/chase/public_html/eventgrouper/app/controllers/components/facebook.php, line 30]
2010-10-26 18:25:47 Notice: Notice (8): Undefined property: stdClass::$email in [/home/chase/public_html/eventgrouper/app/controllers/components/facebook.php, line 31]
2010-10-26 18:25:48 Notice: Notice (8): Undefined property: stdClass::$email in [/home/chase/public_html/eventgrouper/app/controllers/components/facebook.php, line 31]
2010-10-26 18:25:48 Notice: Notice (8): Undefined property: stdClass::$email in [/home/chase/public_html/eventgrouper/app/controllers/components/facebook.php, line 31]
2010-10-26 18:43:18 Notice: Notice (8): Trying to get property of non-object in [/home/chase/public_html/eventgrouper/app/controllers/components/facebook.php, line 30]
2010-10-26 18:43:20 Notice: Notice (8): Trying to get property of non-object in [/home/chase/public_html/eventgrouper/app/controllers/components/facebook.php, line 30]
2010-10-26 18:43:56 Notice: Notice (8): Undefined index: fbs_123876877669639 in [/home/chase/public_html/eventgrouper/app/controllers/components/facebook.php, line 10]
2010-10-26 18:43:56 Notice: Notice (8): Undefined index: sig in [/home/chase/public_html/eventgrouper/app/controllers/components/facebook.php, line 18]
2010-10-26 18:43:56 Notice: Notice (8): Undefined index: fbs_123876877669639 in [/home/chase/public_html/eventgrouper/app/controllers/components/facebook.php, line 10]
2010-10-26 18:43:56 Notice: Notice (8): Undefined index: sig in [/home/chase/public_html/eventgrouper/app/controllers/components/facebook.php, line 18]
2010-10-26 18:43:56 Notice: Notice (8): Undefined index: fbs_123876877669639 in [/home/chase/public_html/eventgrouper/app/controllers/components/facebook.php, line 10]
2010-10-26 18:43:56 Notice: Notice (8): Undefined index: sig in [/home/chase/public_html/eventgrouper/app/controllers/components/facebook.php, line 18]
2010-10-26 18:44:34 Notice: Notice (8): Undefined index: fbs_123876877669639 in [/home/chase/public_html/eventgrouper/app/controllers/components/facebook.php, line 10]
2010-10-26 18:44:34 Notice: Notice (8): Undefined index: sig in [/home/chase/public_html/eventgrouper/app/controllers/components/facebook.php, line 18]
2010-10-26 18:44:34 Notice: Notice (8): Undefined index: fbs_123876877669639 in [/home/chase/public_html/eventgrouper/app/controllers/components/facebook.php, line 10]
2010-10-26 18:44:34 Notice: Notice (8): Undefined index: sig in [/home/chase/public_html/eventgrouper/app/controllers/components/facebook.php, line 18]
2010-10-26 18:44:34 Notice: Notice (8): Undefined index: fbs_123876877669639 in [/home/chase/public_html/eventgrouper/app/controllers/components/facebook.php, line 10]
2010-10-26 18:44:34 Notice: Notice (8): Undefined index: sig in [/home/chase/public_html/eventgrouper/app/controllers/components/facebook.php, line 18]
2010-10-26 18:44:34 Notice: Notice (8): Undefined index: fbs_123876877669639 in [/home/chase/public_html/eventgrouper/app/controllers/components/facebook.php, line 10]
2010-10-26 18:44:34 Notice: Notice (8): Undefined index: sig in [/home/chase/public_html/eventgrouper/app/controllers/components/facebook.php, line 18]
2010-10-26 21:33:15 Notice: Notice (8): Trying to get property of non-object in [/home/chase/public_html/eventgrouper/app/controllers/components/facebook.php, line 30]
2010-10-26 21:34:25 Notice: Notice (8): Undefined index: fbs_123876877669639 in [/home/chase/public_html/eventgrouper/app/controllers/components/facebook.php, line 10]
2010-10-26 21:34:25 Notice: Notice (8): Undefined index: sig in [/home/chase/public_html/eventgrouper/app/controllers/components/facebook.php, line 18]
2010-10-26 21:34:25 Notice: Notice (8): Undefined index: fbs_123876877669639 in [/home/chase/public_html/eventgrouper/app/controllers/components/facebook.php, line 10]
2010-10-26 21:34:25 Notice: Notice (8): Undefined index: sig in [/home/chase/public_html/eventgrouper/app/controllers/components/facebook.php, line 18]
2010-10-26 21:34:25 Notice: Notice (8): Undefined index: fbs_123876877669639 in [/home/chase/public_html/eventgrouper/app/controllers/components/facebook.php, line 10]
2010-10-26 21:34:25 Notice: Notice (8): Undefined index: sig in [/home/chase/public_html/eventgrouper/app/controllers/components/facebook.php, line 18]
2010-10-26 21:34:25 Notice: Notice (8): Undefined index: fbs_123876877669639 in [/home/chase/public_html/eventgrouper/app/controllers/components/facebook.php, line 10]
2010-10-26 21:34:25 Notice: Notice (8): Undefined index: sig in [/home/chase/public_html/eventgrouper/app/controllers/components/facebook.php, line 18]
2010-10-26 21:35:20 Notice: Notice (8): Undefined index: fbs_123876877669639 in [/home/chase/public_html/eventgrouper/app/controllers/components/facebook.php, line 10]
2010-10-26 21:35:20 Notice: Notice (8): Undefined index: fbs_123876877669639 in [/home/chase/public_html/eventgrouper/app/controllers/components/facebook.php, line 10]
2010-10-26 21:35:20 Notice: Notice (8): Undefined index: fbs_123876877669639 in [/home/chase/public_html/eventgrouper/app/controllers/components/facebook.php, line 10]
2010-10-26 21:36:18 Notice: Notice (8): Trying to get property of non-object in [/home/chase/public_html/eventgrouper/app/controllers/components/facebook.php, line 32]
2010-10-26 21:36:18 Notice: Notice (8): Trying to get property of non-object in [/home/chase/public_html/eventgrouper/app/controllers/components/facebook.php, line 32]
2010-10-26 22:37:57 Notice: Notice (8): Undefined property: LoginController::$Acl in [/home/chase/public_html/eventgrouper/cake/libs/controller/app_controller.php, line 56]
2010-10-26 22:37:57 Notice: Notice (8): Trying to get property of non-object in [/home/chase/public_html/eventgrouper/cake/libs/controller/app_controller.php, line 56]
2010-10-26 22:54:01 Notice: Notice (8): Undefined property: FacebookComponent::$Facebook in [/home/chase/public_html/eventgrouper/app/controllers/components/facebook.php, line 39]
2010-10-26 22:54:18 Notice: Notice (8): Undefined property: FacebookComponent::$Facebook in [/home/chase/public_html/eventgrouper/app/controllers/components/facebook.php, line 39]
2010-10-26 22:54:33 Notice: Notice (8): Undefined property: FacebookComponent::$User in [/home/chase/public_html/eventgrouper/app/controllers/components/facebook.php, line 41]
2010-10-28 09:54:30 Notice: Notice (8): session_start() [http://php.net/function.session-start]: ps_files_cleanup_dir: opendir(/var/lib/php5) failed: Permission denied (13) in [/home/chase/public_html/eventgrouper/cake/libs/cake_session.php, line 587]
2010-10-28 14:52:08 Notice: Notice (8): Undefined variable: currentEventGroup in [/home/chase/public_html/eventgrouper/app/views/event_groups/view.ctp, line 129]
2010-10-28 18:07:21 Notice: Notice (8): session_start() [http://php.net/function.session-start]: ps_files_cleanup_dir: opendir(/var/lib/php5) failed: Permission denied (13) in [/home/chase/public_html/eventgrouper/cake/libs/cake_session.php, line 587]
2010-10-28 18:12:15 Notice: Notice (8): Undefined variable: eventsUnderGroup in [/home/chase/public_html/eventgrouper/app/views/event_groups/ajax_list_events.ctp, line 5]
2010-10-28 18:12:21 Notice: Notice (8): Undefined variable: eventsUnderGroup in [/home/chase/public_html/eventgrouper/app/views/event_groups/ajax_list_events.ctp, line 5]
2010-10-28 18:15:33 Notice: Notice (8): Undefined variable: id in [/home/chase/public_html/eventgrouper/app/controllers/event_groups_controller.php, line 209]
2010-10-28 18:15:33 Notice: Notice (8): Undefined variable: id in [/home/chase/public_html/eventgrouper/app/controllers/event_groups_controller.php, line 217]
2010-10-28 18:15:33 Notice: Notice (8): Undefined variable: id in [/home/chase/public_html/eventgrouper/app/controllers/event_groups_controller.php, line 230]
2010-10-28 18:15:33 Notice: Notice (8): Undefined variable: id in [/home/chase/public_html/eventgrouper/app/controllers/event_groups_controller.php, line 231]
2010-10-28 18:15:33 Notice: Notice (8): Undefined variable: id in [/home/chase/public_html/eventgrouper/app/controllers/event_groups_controller.php, line 233]
2010-10-28 18:52:41 Notice: Notice (8): Undefined variable: currentHour in [/home/chase/public_html/eventgrouper/app/views/event_groups/ajax_list_events.ctp, line 10]
2010-10-28 18:52:41 Notice: Notice (8): Undefined variable: currentHour in [/home/chase/public_html/eventgrouper/app/views/event_groups/ajax_list_events.ctp, line 11]
2010-10-28 18:53:12 Notice: Notice (8): Undefined variable: currentHour in [/home/chase/public_html/eventgrouper/app/views/event_groups/ajax_list_events.ctp, line 10]
2010-10-28 18:53:12 Notice: Notice (8): Undefined variable: currentHour in [/home/chase/public_html/eventgrouper/app/views/event_groups/ajax_list_events.ctp, line 11]
2010-10-28 18:56:01 Notice: Notice (8): Undefined variable: id in [/home/chase/public_html/eventgrouper/app/controllers/event_groups_controller.php, line 209]
2010-10-28 18:56:01 Notice: Notice (8): Undefined variable: id in [/home/chase/public_html/eventgrouper/app/controllers/event_groups_controller.php, line 217]
2010-10-28 18:56:01 Notice: Notice (8): Undefined variable: id in [/home/chase/public_html/eventgrouper/app/controllers/event_groups_controller.php, line 231]
2010-10-28 18:56:01 Notice: Notice (8): Undefined variable: id in [/home/chase/public_html/eventgrouper/app/controllers/event_groups_controller.php, line 232]
2010-10-28 18:56:01 Notice: Notice (8): Undefined variable: id in [/home/chase/public_html/eventgrouper/app/controllers/event_groups_controller.php, line 234]
2010-10-28 18:56:01 Notice: Notice (8): Undefined variable: currentHour in [/home/chase/public_html/eventgrouper/app/views/event_groups/ajax_list_events.ctp, line 10]
2010-10-28 18:56:01 Notice: Notice (8): Undefined variable: currentHour in [/home/chase/public_html/eventgrouper/app/views/event_groups/ajax_list_events.ctp, line 32]
2010-10-28 18:56:06 Notice: Notice (8): Undefined variable: currentHour in [/home/chase/public_html/eventgrouper/app/views/event_groups/ajax_list_events.ctp, line 10]
2010-10-28 18:56:59 Notice: Notice (8): session_start() [http://php.net/function.session-start]: ps_files_cleanup_dir: opendir(/var/lib/php5) failed: Permission denied (13) in [/home/chase/public_html/eventgrouper/cake/libs/cake_session.php, line 587]
2010-10-29 00:21:41 Notice: Notice (8): session_start() [http://php.net/function.session-start]: ps_files_cleanup_dir: opendir(/var/lib/php5) failed: Permission denied (13) in [/home/chase/public_html/eventgrouper/cake/libs/cake_session.php, line 587]
2010-10-29 00:46:52 Notice: Notice (8): Undefined variable: onUserCalendar in [/home/chase/public_html/eventgrouper/app/views/event_groups/ajax_list_events.ctp, line 18]
2010-10-29 00:53:09 Notice: Notice (8): Undefined variable: html in [/home/chase/public_html/eventgrouper/app/views/event_groups/ajax_list_events.ctp, line 77]
2010-10-29 01:07:39 Notice: Notice (8): Undefined variable: onUserCalendar in [/home/chase/public_html/eventgrouper/app/views/event_groups/ajax_list_events.ctp, line 17]
2010-10-29 03:04:41 Notice: Notice (8): Undefined variable: categoryChoice in [/home/chase/public_html/eventgrouper/app/views/event_groups/view.ctp, line 321]
2010-10-29 03:38:34 Notice: Notice (8): Undefined index: time_start in [/home/chase/public_html/eventgrouper/app/controllers/event_groups_controller.php, line 207]
2010-10-29 12:31:15 Notice: Notice (8): Undefined variable: id in [/home/chase/public_html/eventgrouper/app/controllers/event_groups_controller.php, line 188]
2010-10-29 12:31:15 Notice: Notice (8): Undefined variable: id in [/home/chase/public_html/eventgrouper/app/controllers/event_groups_controller.php, line 196]
2010-10-29 12:31:15 Notice: Notice (8): Undefined variable: id in [/home/chase/public_html/eventgrouper/app/controllers/event_groups_controller.php, line 210]
2010-10-29 12:31:15 Notice: Notice (8): Undefined variable: id in [/home/chase/public_html/eventgrouper/app/controllers/event_groups_controller.php, line 211]
2010-10-29 12:31:15 Notice: Notice (8): Undefined variable: id in [/home/chase/public_html/eventgrouper/app/controllers/event_groups_controller.php, line 213]
